300.000000 0.000000 0.000000 0.000000 0.000000 0.000000 0.000000 -166728.065856 850.601931
300.000000 0.002000 0.002000 0.002000 0.000000 0.000000 0.000000 -167254.037742 897.150340
300.000000 0.004000 0.004000 0.004000 0.000000 0.000000 0.000000 -167282.110675 696.906725
300.000000 0.006000 0.006000 0.006000 0.000000 0.000000 0.000000 -167321.804462 247.249921
300.000000 0.008000 0.008000 0.008000 0.000000 0.000000 0.000000 -167497.477113 96.444576
300.000000 0.010000 0.010000 0.010000 0.000000 0.000000 0.000000 -167224.597625 268.519952
300.000000 0.012000 0.012000 0.012000 0.000000 0.000000 0.000000 -167274.097516 175.977251
300.000000 0.014000 0.014000 0.014000 0.000000 0.000000 0.000000 -167192.736693 57.755823
300.000000 0.016000 0.016000 0.016000 0.000000 0.000000 0.000000 -166975.089191 38.926149
300.000000 0.018000 0.018000 0.018000 0.000000 0.000000 0.000000 -167428.761210 115.266684
300.000000 0.020000 0.020000 0.020000 0.000000 0.000000 0.000000 -167179.085246 75.184086
300.000000 0.022000 0.022000 0.022000 0.000000 0.000000 0.000000 -167349.856824 80.092776
300.000000 0.024000 0.024000 0.024000 0.000000 0.000000 0.000000 -166990.863195 51.845427
300.000000 0.026000 0.026000 0.026000 0.000000 0.000000 0.000000 -167257.268428 77.847921
300.000000 0.028000 0.028000 0.028000 0.000000 0.000000 0.000000 -167174.602630 20.821449
300.000000 0.030000 0.030000 0.030000 0.000000 0.000000 0.000000 -167033.586799 49.547212
300.000000 0.032000 0.032000 0.032000 0.000000 0.000000 0.000000 -166929.838121 62.428438
300.000000 0.034000 0.034000 0.034000 0.000000 0.000000 0.000000 -167086.791447 41.688492
300.000000 0.036000 0.036000 0.036000 0.000000 0.000000 0.000000 -167090.755609 71.178742
300.000000 0.038000 0.038000 0.038000 0.000000 0.000000 0.000000 -166935.399726 71.420091
300.000000 0.040000 0.040000 0.040000 0.000000 0.000000 0.000000 -167232.556757 65.660644
300.000000 0.042000 0.042000 0.042000 0.000000 0.000000 0.000000 -166933.125422 43.335507
300.000000 0.044000 0.044000 0.044000 0.000000 0.000000 0.000000 -166972.922156 54.030622
300.000000 0.046000 0.046000 0.046000 0.000000 0.000000 0.000000 -167248.848128 65.838227
300.000000 0.048000 0.048000 0.048000 0.000000 0.000000 0.000000 -167215.348324 34.335756
300.000000 0.050000 0.050000 0.050000 0.000000 0.000000 0.000000 -167368.403445 13.859134
300.000000 0.052000 0.052000 0.052000 0.000000 0.000000 0.000000 -167281.503338 40.106877
300.000000 0.054000 0.054000 0.054000 0.000000 0.000000 0.000000 -167231.288450 9.031055
300.000000 0.056000 0.056000 0.056000 0.000000 0.000000 0.000000 -167413.188391 6.605491
300.000000 0.058000 0.058000 0.058000 0.000000 0.000000 0.000000 -167527.271365 42.689610
300.000000 0.060000 0.060000 0.060000 0.000000 0.000000 0.000000 -167492.585459 29.086493
300.000000 0.062000 0.062000 0.062000 0.000000 0.000000 0.000000 -167127.122187 33.763715
300.000000 0.064000 0.064000 0.064000 0.000000 0.000000 0.000000 -167212.420222 46.781591
300.000000 0.066000 0.066000 0.066000 0.000000 0.000000 0.000000 -167502.670989 36.780774
300.000000 0.068000 0.068000 0.068000 0.000000 0.000000 0.000000 -167382.746872 22.035276
300.000000 0.070000 0.070000 0.070000 0.000000 0.000000 0.000000 -167425.872244 20.785206
300.000000 0.072000 0.072000 0.072000 0.000000 0.000000 0.000000 -167389.593030 35.986331
300.000000 0.074000 0.074000 0.074000 0.000000 0.000000 0.000000 -167182.430687 24.542864
300.000000 0.076000 0.076000 0.076000 0.000000 0.000000 0.000000 -167158.471328 34.360251
300.000000 0.078000 0.078000 0.078000 0.000000 0.000000 0.000000 -167379.286151 45.937775
300.000000 0.080000 0.080000 0.080000 0.000000 0.000000 0.000000 -167403.232889 18.907464
300.000000 0.082000 0.082000 0.082000 0.000000 0.000000 0.000000 -167126.001956 22.249173
300.000000 0.084000 0.084000 0.084000 0.000000 0.000000 0.000000 -167114.885162 26.601229
300.000000 0.086000 0.086000 0.086000 0.000000 0.000000 0.000000 -167175.030793 8.844173
300.000000 0.088000 0.088000 0.088000 0.000000 0.000000 0.000000 -167474.586774 27.025684
300.000000 0.090000 0.090000 0.090000 0.000000 0.000000 0.000000 -167247.871181 33.749661
300.000000 0.092000 0.092000 0.092000 0.000000 0.000000 0.000000 -167308.773372 22.405922
300.000000 0.094000 0.094000 0.094000 0.000000 0.000000 0.000000 -167580.632608 11.189699
300.000000 0.096000 0.096000 0.096000 0.000000 0.000000 0.000000 -167488.245151 25.158631
300.000000 0.098000 0.098000 0.098000 0.000000 0.000000 0.000000 -167327.686141 26.722551
300.000000 0.100000 0.100000 0.100000 0.000000 0.000000 0.000000 -167471.573348 23.229580
300.000000 0.102000 0.102000 0.102000 0.000000 0.000000 0.000000 -167175.852255 16.400310
300.000000 0.104000 0.104000 0.104000 0.000000 0.000000 0.000000 -166967.749569 38.947229
300.000000 0.106000 0.106000 0.106000 0.000000 0.000000 0.000000 -167038.536804 23.549099
300.000000 0.108000 0.108000 0.108000 0.000000 0.000000 0.000000 -167118.114605 23.882844
300.000000 0.110000 0.110000 0.110000 0.000000 0.000000 0.000000 -167301.631671 25.162886
300.000000 0.112000 0.112000 0.112000 0.000000 0.000000 0.000000 -166894.847606 35.581023
300.000000 0.114000 0.114000 0.114000 0.000000 0.000000 0.000000 -166965.106093 26.770908
300.000000 0.116000 0.116000 0.116000 0.000000 0.000000 0.000000 -166933.082521 10.593885
300.000000 0.118000 0.118000 0.118000 0.000000 0.000000 0.000000 -167117.737596 42.274330
300.000000 0.120000 0.120000 0.120000 0.000000 0.000000 0.000000 -167269.414340 7.859653
300.000000 0.122000 0.122000 0.122000 0.000000 0.000000 0.000000 -167282.998813 18.736148
300.000000 0.124000 0.124000 0.124000 0.000000 0.000000 0.000000 -167337.264832 36.861031
300.000000 0.126000 0.126000 0.126000 0.000000 0.000000 0.000000 -167324.326379 21.691102
300.000000 0.128000 0.128000 0.128000 0.000000 0.000000 0.000000 -167112.091298 20.029744
300.000000 0.130000 0.130000 0.130000 0.000000 0.000000 0.000000 -166960.123260 11.330663
300.000000 0.132000 0.132000 0.132000 0.000000 0.000000 0.000000 -166954.934174 13.435260
300.000000 0.134000 0.134000 0.134000 0.000000 0.000000 0.000000 -167074.049495 25.617025
300.000000 0.136000 0.136000 0.136000 0.000000 0.000000 0.000000 -167102.014821 15.546088
300.000000 0.138000 0.138000 0.138000 0.000000 0.000000 0.000000 -167355.941233 16.243547
300.000000 0.140000 0.140000 0.140000 0.000000 0.000000 0.000000 -167121.857083 7.255818
300.000000 0.142000 0.142000 0.142000 0.000000 0.000000 0.000000 -167446.799456 -0.058908
300.000000 0.144000 0.144000 0.144000 0.000000 0.000000 0.000000 -167057.859481 14.944222
300.000000 0.146000 0.146000 0.146000 0.000000 0.000000 0.000000 -167263.241031 11.073714
300.000000 0.148000 0.148000 0.148000 0.000000 0.000000 0.000000 -167035.655641 13.679639
300.000000 0.150000 0.150000 0.150000 0.000000 0.000000 0.000000 -166933.794039 11.357960
300.000000 0.152000 0.152000 0.152000 0.000000 0.000000 0.000000 -166976.898239 13.437799
300.000000 0.154000 0.154000 0.154000 0.000000 0.000000 0.000000 -167117.212044 15.957758
300.000000 0.156000 0.156000 0.156000 0.000000 0.000000 0.000000 -167257.439830 9.186557
300.000000 0.158000 0.158000 0.158000 0.000000 0.000000 0.000000 -166970.997557 15.813298
300.000000 0.160000 0.160000 0.160000 0.000000 0.000000 0.000000 -167048.836237 8.637624
300.000000 0.162000 0.162000 0.162000 0.000000 0.000000 0.000000 -167218.274071 2.754062
300.000000 0.164000 0.164000 0.164000 0.000000 0.000000 0.000000 -167046.755151 13.525356
300.000000 0.166000 0.166000 0.166000 0.000000 0.000000 0.000000 -167243.902646 21.396423
300.000000 0.168000 0.168000 0.168000 0.000000 0.000000 0.000000 -167233.916867 30.411626
300.000000 0.170000 0.170000 0.170000 0.000000 0.000000 0.000000 -167335.524996 12.349196
300.000000 0.172000 0.172000 0.172000 0.000000 0.000000 0.000000 -167210.589505 20.372414
300.000000 0.174000 0.174000 0.174000 0.000000 0.000000 0.000000 -166947.018445 19.284839
300.000000 0.176000 0.176000 0.176000 0.000000 0.000000 0.000000 -167275.430048 9.788746
300.000000 0.178000 0.178000 0.178000 0.000000 0.000000 0.000000 -167002.122701 27.945599
300.000000 0.180000 0.180000 0.180000 0.000000 0.000000 0.000000 -166784.877459 25.700024
300.000000 0.182000 0.182000 0.182000 0.000000 0.000000 0.000000 -167026.202959 22.339894
300.000000 0.184000 0.184000 0.184000 0.000000 0.000000 0.000000 -166712.994326 15.664111
300.000000 0.186000 0.186000 0.186000 0.000000 0.000000 0.000000 -167092.328870 6.163036
300.000000 0.188000 0.188000 0.188000 0.000000 0.000000 0.000000 -167147.415376 7.782709
300.000000 0.190000 0.190000 0.190000 0.000000 0.000000 0.000000 -167110.955489 2.474063
300.000000 0.192000 0.192000 0.192000 0.000000 0.000000 0.000000 -167023.819982 12.349323
300.000000 0.194000 0.194000 0.194000 0.000000 0.000000 0.000000 -167227.002566 15.801301
300.000000 0.196000 0.196000 0.196000 0.000000 0.000000 0.000000 -166936.745302 13.196771
300.000000 0.198000 0.198000 0.198000 0.000000 0.000000 0.000000 -167086.979884 3.242406
300.000000 0.200000 0.200000 0.200000 0.000000 0.000000 0.000000 -166855.479612 6.724272
300.000000 0.202000 0.202000 0.202000 0.000000 0.000000 0.000000 -167163.187408 8.483114
300.000000 0.204000 0.204000 0.204000 0.000000 0.000000 0.000000 -166829.245051 15.432666
300.000000 0.206000 0.206000 0.206000 0.000000 0.000000 0.000000 -167222.123793 7.635331
300.000000 0.208000 0.208000 0.208000 0.000000 0.000000 0.000000 -167167.125155 4.903665
300.000000 0.210000 0.210000 0.210000 0.000000 0.000000 0.000000 -167179.446533 8.745243
300.000000 0.212000 0.212000 0.212000 0.000000 0.000000 0.000000 -167268.975474 14.876661
300.000000 0.214000 0.214000 0.214000 0.000000 0.000000 0.000000 -167502.825189 18.409348
300.000000 0.216000 0.216000 0.216000 0.000000 0.000000 0.000000 -167288.212892 26.343233
300.000000 0.218000 0.218000 0.218000 0.000000 0.000000 0.000000 -166936.851795 1.264735
300.000000 0.220000 0.220000 0.220000 0.000000 0.000000 0.000000 -167173.211189 3.303659
300.000000 0.222000 0.222000 0.222000 0.000000 0.000000 0.000000 -167310.933819 13.888444
300.000000 0.224000 0.224000 0.224000 0.000000 0.000000 0.000000 -166965.665092 2.285167
300.000000 0.226000 0.226000 0.226000 0.000000 0.000000 0.000000 -167059.062035 1.530306
300.000000 0.228000 0.228000 0.228000 0.000000 0.000000 0.000000 -167196.364547 8.874390
300.000000 0.230000 0.230000 0.230000 0.000000 0.000000 0.000000 -167427.903184 17.475597
300.000000 0.232000 0.232000 0.232000 0.000000 0.000000 0.000000 -167135.401086 4.364139
300.000000 0.234000 0.234000 0.234000 0.000000 0.000000 0.000000 -167171.557861 17.899320
300.000000 0.236000 0.236000 0.236000 0.000000 0.000000 0.000000 -167171.974131 27.780928
300.000000 0.238000 0.238000 0.238000 0.000000 0.000000 0.000000 -167160.037487 22.381672
300.000000 0.240000 0.240000 0.240000 0.000000 0.000000 0.000000 -167071.513683 11.954036
300.000000 0.242000 0.242000 0.242000 0.000000 0.000000 0.000000 -167397.562762 10.950456
300.000000 0.244000 0.244000 0.244000 0.000000 0.000000 0.000000 -167247.452436 2.471299
300.000000 0.246000 0.246000 0.246000 0.000000 0.000000 0.000000 -167224.266594 6.734036
300.000000 0.248000 0.248000 0.248000 0.000000 0.000000 0.000000 -167266.560944 1.690328
300.000000 0.250000 0.250000 0.250000 0.000000 0.000000 0.000000 -167106.000122 8.609298
300.000000 0.252000 0.252000 0.252000 0.000000 0.000000 0.000000 -167232.038823 5.868219
300.000000 0.254000 0.254000 0.254000 0.000000 0.000000 0.000000 -167094.219293 19.593044
300.000000 0.256000 0.256000 0.256000 0.000000 0.000000 0.000000 -166762.039267 9.324864
300.000000 0.258000 0.258000 0.258000 0.000000 0.000000 0.000000 -167106.682736 2.210183
300.000000 0.260000 0.260000 0.260000 0.000000 0.000000 0.000000 -167051.027603 3.877962
300.000000 0.262000 0.262000 0.262000 0.000000 0.000000 0.000000 -167099.828287 9.013531
300.000000 0.264000 0.264000 0.264000 0.000000 0.000000 0.000000 -167021.448949 4.319622
300.000000 0.266000 0.266000 0.266000 0.000000 0.000000 0.000000 -167039.647557 12.208741
300.000000 0.268000 0.268000 0.268000 0.000000 0.000000 0.000000 -167333.393127 12.443731
300.000000 0.270000 0.270000 0.270000 0.000000 0.000000 0.000000 -167120.069225 7.269657
300.000000 0.272000 0.272000 0.272000 0.000000 0.000000 0.000000 -167393.844789 7.158667
300.000000 0.274000 0.274000 0.274000 0.000000 0.000000 0.000000 -167257.991068 6.757393
300.000000 0.276000 0.276000 0.276000 0.000000 0.000000 0.000000 -167431.750279 10.906545
300.000000 0.278000 0.278000 0.278000 0.000000 0.000000 0.000000 -167179.885650 -0.989211
300.000000 0.280000 0.280000 0.280000 0.000000 0.000000 0.000000 -167182.864393 7.802692
300.000000 0.282000 0.282000 0.282000 0.000000 0.000000 0.000000 -167434.796255 2.734210
300.000000 0.284000 0.284000 0.284000 0.000000 0.000000 0.000000 -167477.495961 10.673979
300.000000 0.286000 0.286000 0.286000 0.000000 0.000000 0.000000 -167138.371608 4.936332
300.000000 0.288000 0.288000 0.288000 0.000000 0.000000 0.000000 -167443.088974 12.140641
300.000000 0.290000 0.290000 0.290000 0.000000 0.000000 0.000000 -167049.675284 7.097881
300.000000 0.292000 0.292000 0.292000 0.000000 0.000000 0.000000 -167199.107508 13.094222
300.000000 0.294000 0.294000 0.294000 0.000000 0.000000 0.000000 -166896.133248 6.221411
300.000000 0.296000 0.296000 0.296000 0.000000 0.000000 0.000000 -167206.730228 5.537149
300.000000 0.298000 0.298000 0.298000 0.000000 0.000000 0.000000 -167022.430321 11.822241
300.000000 0.300000 0.300000 0.300000 0.000000 0.000000 0.000000 -167038.319506 0.474144
300.000000 0.302000 0.302000 0.302000 0.000000 0.000000 0.000000 -167242.479212 8.470594
300.000000 0.304000 0.304000 0.304000 0.000000 0.000000 0.000000 -166923.123004 -2.367276
300.000000 0.306000 0.306000 0.306000 0.000000 0.000000 0.000000 -167131.685040 2.929562
300.000000 0.308000 0.308000 0.308000 0.000000 0.000000 0.000000 -167159.995465 4.935473
300.000000 0.310000 0.310000 0.310000 0.000000 0.000000 0.000000 -167542.861487 12.632659
300.000000 0.312000 0.312000 0.312000 0.000000 0.000000 0.000000 -167167.597326 9.299073
300.000000 0.314000 0.314000 0.314000 0.000000 0.000000 0.000000 -167169.838387 3.172490
300.000000 0.316000 0.316000 0.316000 0.000000 0.000000 0.000000 -167229.008681 7.094253
300.000000 0.318000 0.318000 0.318000 0.000000 0.000000 0.000000 -167135.530236 0.934237
300.000000 0.320000 0.320000 0.320000 0.000000 0.000000 0.000000 -167032.484713 6.538109
300.000000 0.322000 0.322000 0.322000 0.000000 0.000000 0.000000 -167094.581276 10.059780
300.000000 0.324000 0.324000 0.324000 0.000000 0.000000 0.000000 -166984.774478 -0.351503
300.000000 0.326000 0.326000 0.326000 0.000000 0.000000 0.000000 -167175.757673 13.876461
300.000000 0.328000 0.328000 0.328000 0.000000 0.000000 0.000000 -167115.466880 7.044377
300.000000 0.330000 0.330000 0.330000 0.000000 0.000000 0.000000 -167364.175630 4.537853
300.000000 0.332000 0.332000 0.332000 0.000000 0.000000 0.000000 -167268.110782 11.417339
300.000000 0.334000 0.334000 0.334000 0.000000 0.000000 0.000000 -167461.629729 9.367609
300.000000 0.336000 0.336000 0.336000 0.000000 0.000000 0.000000 -167114.392708 5.641682
300.000000 0.338000 0.338000 0.338000 0.000000 0.000000 0.000000 -167445.948636 4.255938
300.000000 0.340000 0.340000 0.340000 0.000000 0.000000 0.000000 -167243.700762 6.963150
300.000000 0.342000 0.342000 0.342000 0.000000 0.000000 0.000000 -167366.459697 3.113420
300.000000 0.344000 0.344000 0.344000 0.000000 0.000000 0.000000 -167308.626827 7.268391
300.000000 0.346000 0.346000 0.346000 0.000000 0.000000 0.000000 -166948.620850 -1.110971
300.000000 0.348000 0.348000 0.348000 0.000000 0.000000 0.000000 -167057.762012 0.645622
300.000000 0.350000 0.350000 0.350000 0.000000 0.000000 0.000000 -167017.793073 10.869917
300.000000 0.352000 0.352000 0.352000 0.000000 0.000000 0.000000 -167194.975865 6.990854
300.000000 0.354000 0.354000 0.354000 0.000000 0.000000 0.000000 -167028.251201 0.084162
300.000000 0.356000 0.356000 0.356000 0.000000 0.000000 0.000000 -166845.149856 1.599234
300.000000 0.358000 0.358000 0.358000 0.000000 0.000000 0.000000 -167105.265929 0.232834
300.000000 0.360000 0.360000 0.360000 0.000000 0.000000 0.000000 -166946.015080 4.092075
300.000000 0.362000 0.362000 0.362000 0.000000 0.000000 0.000000 -167294.707870 5.683109
300.000000 0.364000 0.364000 0.364000 0.000000 0.000000 0.000000 -166982.300001 5.843358
300.000000 0.366000 0.366000 0.366000 0.000000 0.000000 0.000000 -167272.749372 -2.589161
300.000000 0.368000 0.368000 0.368000 0.000000 0.000000 0.000000 -167468.706388 4.728347
300.000000 0.370000 0.370000 0.370000 0.000000 0.000000 0.000000 -167304.642219 8.698857
300.000000 0.372000 0.372000 0.372000 0.000000 0.000000 0.000000 -167269.891923 9.470026
300.000000 0.374000 0.374000 0.374000 0.000000 0.000000 0.000000 -167122.132567 6.491180
300.000000 0.376000 0.376000 0.376000 0.000000 0.000000 0.000000 -167094.303170 -5.662047
300.000000 0.378000 0.378000 0.378000 0.000000 0.000000 0.000000 -167151.508647 12.039548
300.000000 0.380000 0.380000 0.380000 0.000000 0.000000 0.000000 -166820.040152 5.437661
300.000000 0.382000 0.382000 0.382000 0.000000 0.000000 0.000000 -166906.121328 4.602777
300.000000 0.384000 0.384000 0.384000 0.000000 0.000000 0.000000 -167261.472588 6.151565
300.000000 0.386000 0.386000 0.386000 0.000000 0.000000 0.000000 -167275.129321 2.024859
300.000000 0.388000 0.388000 0.388000 0.000000 0.000000 0.000000 -167444.116450 0.859677
300.000000 0.390000 0.390000 0.390000 0.000000 0.000000 0.000000 -166985.920568 3.014787
300.000000 0.392000 0.392000 0.392000 0.000000 0.000000 0.000000 -167330.444472 -0.024176
300.000000 0.394000 0.394000 0.394000 0.000000 0.000000 0.000000 -167347.994581 7.760926
300.000000 0.396000 0.396000 0.396000 0.000000 0.000000 0.000000 -167248.457604 6.351028
300.000000 0.398000 0.398000 0.398000 0.000000 0.000000 0.000000 -167051.981444 -1.509930
300.000000 0.400000 0.400000 0.400000 0.000000 0.000000 0.000000 -167556.007192 3.983214
300.000000 0.402000 0.402000 0.402000 0.000000 0.000000 0.000000 -167472.523118 2.981358
300.000000 0.404000 0.404000 0.404000 0.000000 0.000000 0.000000 -167263.608052 2.198982
300.000000 0.406000 0.406000 0.406000 0.000000 0.000000 0.000000 -167126.196895 3.183746
300.000000 0.408000 0.408000 0.408000 0.000000 0.000000 0.000000 -167119.119289 2.951310
300.000000 0.410000 0.410000 0.410000 0.000000 0.000000 0.000000 -167233.582700 -4.415903
300.000000 0.412000 0.412000 0.412000 0.000000 0.000000 0.000000 -167130.122439 -4.871040
300.000000 0.414000 0.414000 0.414000 0.000000 0.000000 0.000000 -166937.705268 -4.181925
300.000000 0.416000 0.416000 0.416000 0.000000 0.000000 0.000000 -167071.663301 2.855583
300.000000 0.418000 0.418000 0.418000 0.000000 0.000000 0.000000 -167041.053944 -0.443793
300.000000 0.420000 0.420000 0.420000 0.000000 0.000000 0.000000 -167242.160327 3.967631
300.000000 0.422000 0.422000 0.422000 0.000000 0.000000 0.000000 -167351.520013 0.744166
300.000000 0.424000 0.424000 0.424000 0.000000 0.000000 0.000000 -167202.003000 4.708730
300.000000 0.426000 0.426000 0.426000 0.000000 0.000000 0.000000 -167067.808997 -0.548817
300.000000 0.428000 0.428000 0.428000 0.000000 0.000000 0.000000 -167099.198787 -2.854600
300.000000 0.430000 0.430000 0.430000 0.000000 0.000000 0.000000 -167120.666108 -3.307532
300.000000 0.432000 0.432000 0.432000 0.000000 0.000000 0.000000 -167237.336849 -3.617539
300.000000 0.434000 0.434000 0.434000 0.000000 0.000000 0.000000 -167040.630403 8.028148
300.000000 0.436000 0.436000 0.436000 0.000000 0.000000 0.000000 -166695.316406 -6.237454
300.000000 0.438000 0.438000 0.438000 0.000000 0.000000 0.000000 -167066.869473 8.242237
300.000000 0.440000 0.440000 0.440000 0.000000 0.000000 0.000000 -166787.477767 1.688627
300.000000 0.442000 0.442000 0.442000 0.000000 0.000000 0.000000 -167276.375363 21.978067
300.000000 0.444000 0.444000 0.444000 0.000000 0.000000 0.000000 -166984.379802 10.693525
300.000000 0.446000 0.446000 0.446000 0.000000 0.000000 0.000000 -167126.032949 -1.332902
300.000000 0.448000 0.448000 0.448000 0.000000 0.000000 0.000000 -167137.480824 4.772219
300.000000 0.450000 0.450000 0.450000 0.000000 0.000000 0.000000 -167226.294141 0.367533
300.000000 0.452000 0.452000 0.452000 0.000000 0.000000 0.000000 -166957.714034 -4.971122
300.000000 0.454000 0.454000 0.454000 0.000000 0.000000 0.000000 -166903.209411 -2.942855
300.000000 0.456000 0.456000 0.456000 0.000000 0.000000 0.000000 -166955.587687 4.985030
300.000000 0.458000 0.458000 0.458000 0.000000 0.000000 0.000000 -166941.986688 -2.721881
300.000000 0.460000 0.460000 0.460000 0.000000 0.000000 0.000000 -167069.358341 -5.553695
300.000000 0.462000 0.462000 0.462000 0.000000 0.000000 0.000000 -166861.502599 5.237677
300.000000 0.464000 0.464000 0.464000 0.000000 0.000000 0.000000 -167019.178892 0.796186
300.000000 0.466000 0.466000 0.466000 0.000000 0.000000 0.000000 -167022.011007 -3.479610
300.000000 0.468000 0.468000 0.468000 0.000000 0.000000 0.000000 -167198.565276 6.779514
300.000000 0.470000 0.470000 0.470000 0.000000 0.000000 0.000000 -167187.032258 4.183328
300.000000 0.472000 0.472000 0.472000 0.000000 0.000000 0.000000 -167297.131799 10.078074
300.000000 0.474000 0.474000 0.474000 0.000000 0.000000 0.000000 -167175.606617 -4.121057
300.000000 0.476000 0.476000 0.476000 0.000000 0.000000 0.000000 -167368.751480 4.980720
300.000000 0.478000 0.478000 0.478000 0.000000 0.000000 0.000000 -167089.213960 -1.638556
300.000000 0.480000 0.480000 0.480000 0.000000 0.000000 0.000000 -167153.035156 6.392417
300.000000 0.482000 0.482000 0.482000 0.000000 0.000000 0.000000 -167471.432889 -4.805025
300.000000 0.484000 0.484000 0.484000 0.000000 0.000000 0.000000 -167560.238209 -12.794667
300.000000 0.486000 0.486000 0.486000 0.000000 0.000000 0.000000 -167315.092006 0.116927
300.000000 0.488000 0.488000 0.488000 0.000000 0.000000 0.000000 -167162.022740 2.214793
300.000000 0.490000 0.490000 0.490000 0.000000 0.000000 0.000000 -167131.774330 -7.530769
300.000000 0.492000 0.492000 0.492000 0.000000 0.000000 0.000000 -167305.780123 0.627871
300.000000 0.494000 0.494000 0.494000 0.000000 0.000000 0.000000 -167163.400656 5.223296
300.000000 0.496000 0.496000 0.496000 0.000000 0.000000 0.000000 -167383.288298 4.040117
300.000000 0.498000 0.498000 0.498000 0.000000 0.000000 0.000000 -167310.368842 5.661423
