300.000000 0.000000 0.000000 0.000000 0.000000 0.000000 0.000000 -167267.251418 603.782942
300.000000 0.002000 0.002000 0.002000 0.000000 0.000000 0.000000 -166871.919801 738.020911
300.000000 0.004000 0.004000 0.004000 0.000000 0.000000 0.000000 -166948.492358 628.177098
300.000000 0.006000 0.006000 0.006000 0.000000 0.000000 0.000000 -166854.613985 142.603467
300.000000 0.008000 0.008000 0.008000 0.000000 0.000000 0.000000 -167006.313845 111.689117
300.000000 0.010000 0.010000 0.010000 0.000000 0.000000 0.000000 -167242.130472 50.949254
300.000000 0.012000 0.012000 0.012000 0.000000 0.000000 0.000000 -166996.600813 133.519088
300.000000 0.014000 0.014000 0.014000 0.000000 0.000000 0.000000 -166690.190193 176.084357
300.000000 0.016000 0.016000 0.016000 0.000000 0.000000 0.000000 -167016.139699 72.435396
300.000000 0.018000 0.018000 0.018000 0.000000 0.000000 0.000000 -167033.343769 174.250534
300.000000 0.020000 0.020000 0.020000 0.000000 0.000000 0.000000 -166964.850658 57.257031
300.000000 0.022000 0.022000 0.022000 0.000000 0.000000 0.000000 -167143.276568 47.691924
300.000000 0.024000 0.024000 0.024000 0.000000 0.000000 0.000000 -167062.717261 150.738616
300.000000 0.026000 0.026000 0.026000 0.000000 0.000000 0.000000 -167221.706343 80.263391
300.000000 0.028000 0.028000 0.028000 0.000000 0.000000 0.000000 -166737.910259 73.544477
300.000000 0.030000 0.030000 0.030000 0.000000 0.000000 0.000000 -166997.892838 93.287576
300.000000 0.032000 0.032000 0.032000 0.000000 0.000000 0.000000 -167077.701243 25.718985
300.000000 0.034000 0.034000 0.034000 0.000000 0.000000 0.000000 -167013.757324 30.844450
300.000000 0.036000 0.036000 0.036000 0.000000 0.000000 0.000000 -167136.354561 53.298495
300.000000 0.038000 0.038000 0.038000 0.000000 0.000000 0.000000 -167152.749948 67.009245
300.000000 0.040000 0.040000 0.040000 0.000000 0.000000 0.000000 -167296.946641 82.183560
300.000000 0.042000 0.042000 0.042000 0.000000 0.000000 0.000000 -167448.780835 19.092388
300.000000 0.044000 0.044000 0.044000 0.000000 0.000000 0.000000 -167340.712868 36.327857
300.000000 0.046000 0.046000 0.046000 0.000000 0.000000 0.000000 -167314.358556 28.222005
300.000000 0.048000 0.048000 0.048000 0.000000 0.000000 0.000000 -167226.302018 108.084523
300.000000 0.050000 0.050000 0.050000 0.000000 0.000000 0.000000 -167409.085967 47.727172
300.000000 0.052000 0.052000 0.052000 0.000000 0.000000 0.000000 -167418.083993 56.890302
300.000000 0.054000 0.054000 0.054000 0.000000 0.000000 0.000000 -167152.711156 39.891078
300.000000 0.056000 0.056000 0.056000 0.000000 0.000000 0.000000 -166953.723641 17.695872
300.000000 0.058000 0.058000 0.058000 0.000000 0.000000 0.000000 -167057.634352 30.413656
300.000000 0.060000 0.060000 0.060000 0.000000 0.000000 0.000000 -166962.490323 30.705329
300.000000 0.062000 0.062000 0.062000 0.000000 0.000000 0.000000 -166904.548215 42.848114
300.000000 0.064000 0.064000 0.064000 0.000000 0.000000 0.000000 -167056.685889 28.238277
300.000000 0.066000 0.066000 0.066000 0.000000 0.000000 0.000000 -167149.409734 29.187386
300.000000 0.068000 0.068000 0.068000 0.000000 0.000000 0.000000 -167020.941452 31.917642
300.000000 0.070000 0.070000 0.070000 0.000000 0.000000 0.000000 -167236.321996 22.941640
300.000000 0.072000 0.072000 0.072000 0.000000 0.000000 0.000000 -167375.769188 33.117856
300.000000 0.074000 0.074000 0.074000 0.000000 0.000000 0.000000 -167247.087070 29.458984
300.000000 0.076000 0.076000 0.076000 0.000000 0.000000 0.000000 -167160.575915 93.946446
300.000000 0.078000 0.078000 0.078000 0.000000 0.000000 0.000000 -167240.522757 23.831800
300.000000 0.080000 0.080000 0.080000 0.000000 0.000000 0.000000 -166675.999824 28.218192
300.000000 0.082000 0.082000 0.082000 0.000000 0.000000 0.000000 -166966.825708 71.788800
300.000000 0.084000 0.084000 0.084000 0.000000 0.000000 0.000000 -167006.622515 40.944101
300.000000 0.086000 0.086000 0.086000 0.000000 0.000000 0.000000 -166887.208798 25.736193
300.000000 0.088000 0.088000 0.088000 0.000000 0.000000 0.000000 -167113.830898 34.468712
300.000000 0.090000 0.090000 0.090000 0.000000 0.000000 0.000000 -167046.052634 13.754492
300.000000 0.092000 0.092000 0.092000 0.000000 0.000000 0.000000 -167266.981454 21.855112
300.000000 0.094000 0.094000 0.094000 0.000000 0.000000 0.000000 -166913.322113 12.281880
300.000000 0.096000 0.096000 0.096000 0.000000 0.000000 0.000000 -167137.599048 16.979112
300.000000 0.098000 0.098000 0.098000 0.000000 0.000000 0.000000 -166785.750062 28.114615
300.000000 0.100000 0.100000 0.100000 0.000000 0.000000 0.000000 -166577.659346 16.477481
300.000000 0.102000 0.102000 0.102000 0.000000 0.000000 0.000000 -167041.160315 22.048610
300.000000 0.104000 0.104000 0.104000 0.000000 0.000000 0.000000 -166812.644564 35.516168
300.000000 0.106000 0.106000 0.106000 0.000000 0.000000 0.000000 -166877.107838 19.382949
300.000000 0.108000 0.108000 0.108000 0.000000 0.000000 0.000000 -167011.984291 29.901809
300.000000 0.110000 0.110000 0.110000 0.000000 0.000000 0.000000 -167045.848824 20.284938
300.000000 0.112000 0.112000 0.112000 0.000000 0.000000 0.000000 -167137.541944 14.319583
300.000000 0.114000 0.114000 0.114000 0.000000 0.000000 0.000000 -167033.782412 31.216424
300.000000 0.116000 0.116000 0.116000 0.000000 0.000000 0.000000 -167091.594588 11.323673
300.000000 0.118000 0.118000 0.118000 0.000000 0.000000 0.000000 -167031.888774 29.930562
300.000000 0.120000 0.120000 0.120000 0.000000 0.000000 0.000000 -166834.940575 10.666733
300.000000 0.122000 0.122000 0.122000 0.000000 0.000000 0.000000 -166904.160481 27.089827
300.000000 0.124000 0.124000 0.124000 0.000000 0.000000 0.000000 -166963.553422 23.883106
300.000000 0.126000 0.126000 0.126000 0.000000 0.000000 0.000000 -166862.832738 5.950544
300.000000 0.128000 0.128000 0.128000 0.000000 0.000000 0.000000 -166856.995824 12.566234
300.000000 0.130000 0.130000 0.130000 0.000000 0.000000 0.000000 -166943.183278 13.500130
300.000000 0.132000 0.132000 0.132000 0.000000 0.000000 0.000000 -166880.554752 19.289889
300.000000 0.134000 0.134000 0.134000 0.000000 0.000000 0.000000 -166933.507047 17.714984
300.000000 0.136000 0.136000 0.136000 0.000000 0.000000 0.000000 -166975.745768 25.921021
300.000000 0.138000 0.138000 0.138000 0.000000 0.000000 0.000000 -166907.400300 39.891307
300.000000 0.140000 0.140000 0.140000 0.000000 0.000000 0.000000 -167106.355048 25.978781
300.000000 0.142000 0.142000 0.142000 0.000000 0.000000 0.000000 -166634.387443 8.262755
300.000000 0.144000 0.144000 0.144000 0.000000 0.000000 0.000000 -166789.909437 13.421207
300.000000 0.146000 0.146000 0.146000 0.000000 0.000000 0.000000 -167069.659586 8.713798
300.000000 0.148000 0.148000 0.148000 0.000000 0.000000 0.000000 -166730.309596 22.213495
300.000000 0.150000 0.150000 0.150000 0.000000 0.000000 0.000000 -166785.619100 25.953190
300.000000 0.152000 0.152000 0.152000 0.000000 0.000000 0.000000 -166929.800540 30.439331
300.000000 0.154000 0.154000 0.154000 0.000000 0.000000 0.000000 -167084.824771 22.173011
300.000000 0.156000 0.156000 0.156000 0.000000 0.000000 0.000000 -167085.759529 19.268415
300.000000 0.158000 0.158000 0.158000 0.000000 0.000000 0.000000 -167025.618039 7.325717
300.000000 0.160000 0.160000 0.160000 0.000000 0.000000 0.000000 -166962.215414 22.962795
300.000000 0.162000 0.162000 0.162000 0.000000 0.000000 0.000000 -166698.234927 24.274857
300.000000 0.164000 0.164000 0.164000 0.000000 0.000000 0.000000 -166679.603411 19.576181
300.000000 0.166000 0.166000 0.166000 0.000000 0.000000 0.000000 -166725.755152 15.512898
300.000000 0.168000 0.168000 0.168000 0.000000 0.000000 0.000000 -166664.958828 11.474696
300.000000 0.170000 0.170000 0.170000 0.000000 0.000000 0.000000 -166637.130870 18.021880
300.000000 0.172000 0.172000 0.172000 0.000000 0.000000 0.000000 -166566.827841 11.166577
300.000000 0.174000 0.174000 0.174000 0.000000 0.000000 0.000000 -166851.649367 13.020169
300.000000 0.176000 0.176000 0.176000 0.000000 0.000000 0.000000 -166931.038762 36.682932
300.000000 0.178000 0.178000 0.178000 0.000000 0.000000 0.000000 -166979.257860 7.541629
300.000000 0.180000 0.180000 0.180000 0.000000 0.000000 0.000000 -166552.096600 37.919492
300.000000 0.182000 0.182000 0.182000 0.000000 0.000000 0.000000 -166725.156523 12.833367
300.000000 0.184000 0.184000 0.184000 0.000000 0.000000 0.000000 -166789.325857 5.129389
300.000000 0.186000 0.186000 0.186000 0.000000 0.000000 0.000000 -166566.222367 11.685738
300.000000 0.188000 0.188000 0.188000 0.000000 0.000000 0.000000 -166695.470883 19.692055
300.000000 0.190000 0.190000 0.190000 0.000000 0.000000 0.000000 -166878.354824 11.099303
300.000000 0.192000 0.192000 0.192000 0.000000 0.000000 0.000000 -166577.652701 16.256616
300.000000 0.194000 0.194000 0.194000 0.000000 0.000000 0.000000 -166905.219474 8.986547
300.000000 0.196000 0.196000 0.196000 0.000000 0.000000 0.000000 -166792.928790 8.125865
300.000000 0.198000 0.198000 0.198000 0.000000 0.000000 0.000000 -166806.948679 7.751242
300.000000 0.200000 0.200000 0.200000 0.000000 0.000000 0.000000 -166983.594709 26.763781
300.000000 0.202000 0.202000 0.202000 0.000000 0.000000 0.000000 -167038.533895 12.030459
300.000000 0.204000 0.204000 0.204000 0.000000 0.000000 0.000000 -166981.898942 14.407289
300.000000 0.206000 0.206000 0.206000 0.000000 0.000000 0.000000 -166830.052283 7.317205
300.000000 0.208000 0.208000 0.208000 0.000000 0.000000 0.000000 -166767.352129 21.089726
300.000000 0.210000 0.210000 0.210000 0.000000 0.000000 0.000000 -167190.719449 8.317179
300.000000 0.212000 0.212000 0.212000 0.000000 0.000000 0.000000 -167168.497366 17.363961
300.000000 0.214000 0.214000 0.214000 0.000000 0.000000 0.000000 -167215.217056 18.906621
300.000000 0.216000 0.216000 0.216000 0.000000 0.000000 0.000000 -167183.147755 8.704007
300.000000 0.218000 0.218000 0.218000 0.000000 0.000000 0.000000 -166735.354125 22.383132
300.000000 0.220000 0.220000 0.220000 0.000000 0.000000 0.000000 -167181.461177 13.704342
300.000000 0.222000 0.222000 0.222000 0.000000 0.000000 0.000000 -166930.139510 9.388899
300.000000 0.224000 0.224000 0.224000 0.000000 0.000000 0.000000 -167183.223557 3.522303
300.000000 0.226000 0.226000 0.226000 0.000000 0.000000 0.000000 -167067.706140 6.194731
300.000000 0.228000 0.228000 0.228000 0.000000 0.000000 0.000000 -167301.891907 16.841616
300.000000 0.230000 0.230000 0.230000 0.000000 0.000000 0.000000 -167256.672814 12.612316
300.000000 0.232000 0.232000 0.232000 0.000000 0.000000 0.000000 -166976.813347 7.461576
300.000000 0.234000 0.234000 0.234000 0.000000 0.000000 0.000000 -167150.298231 8.572969
300.000000 0.236000 0.236000 0.236000 0.000000 0.000000 0.000000 -167304.164622 8.411859
300.000000 0.238000 0.238000 0.238000 0.000000 0.000000 0.000000 -166916.064841 14.906303
300.000000 0.240000 0.240000 0.240000 0.000000 0.000000 0.000000 -167103.306738 17.026445
300.000000 0.242000 0.242000 0.242000 0.000000 0.000000 0.000000 -166818.309148 6.695852
300.000000 0.244000 0.244000 0.244000 0.000000 0.000000 0.000000 -167114.254849 6.516394
300.000000 0.246000 0.246000 0.246000 0.000000 0.000000 0.000000 -167016.961592 2.459101
300.000000 0.248000 0.248000 0.248000 0.000000 0.000000 0.000000 -167133.579950 2.757612
300.000000 0.250000 0.250000 0.250000 0.000000 0.000000 0.000000 -166996.963331 11.113081
300.000000 0.252000 0.252000 0.252000 0.000000 0.000000 0.000000 -167001.493369 10.780807
300.000000 0.254000 0.254000 0.254000 0.000000 0.000000 0.000000 -167232.396447 7.394862
300.000000 0.256000 0.256000 0.256000 0.000000 0.000000 0.000000 -167329.667673 24.112124
300.000000 0.258000 0.258000 0.258000 0.000000 0.000000 0.000000 -166900.914706 6.621967
300.000000 0.260000 0.260000 0.260000 0.000000 0.000000 0.000000 -166781.041989 1.026297
300.000000 0.262000 0.262000 0.262000 0.000000 0.000000 0.000000 -166854.146931 7.810297
300.000000 0.264000 0.264000 0.264000 0.000000 0.000000 0.000000 -166964.045268 17.485669
300.000000 0.266000 0.266000 0.266000 0.000000 0.000000 0.000000 -166969.341408 8.574255
300.000000 0.268000 0.268000 0.268000 0.000000 0.000000 0.000000 -166832.567895 4.421697
300.000000 0.270000 0.270000 0.270000 0.000000 0.000000 0.000000 -166766.784938 4.511485
300.000000 0.272000 0.272000 0.272000 0.000000 0.000000 0.000000 -166995.039819 17.018386
300.000000 0.274000 0.274000 0.274000 0.000000 0.000000 0.000000 -166686.145737 7.893092
300.000000 0.276000 0.276000 0.276000 0.000000 0.000000 0.000000 -166712.298465 1.143449
300.000000 0.278000 0.278000 0.278000 0.000000 0.000000 0.000000 -166869.205174 4.781270
300.000000 0.280000 0.280000 0.280000 0.000000 0.000000 0.000000 -166974.389247 -3.029369
300.000000 0.282000 0.282000 0.282000 0.000000 0.000000 0.000000 -167015.087499 5.757896
300.000000 0.284000 0.284000 0.284000 0.000000 0.000000 0.000000 -166982.004473 6.103239
300.000000 0.286000 0.286000 0.286000 0.000000 0.000000 0.000000 -167169.990255 7.746617
300.000000 0.288000 0.288000 0.288000 0.000000 0.000000 0.000000 -167038.713361 21.928884
300.000000 0.290000 0.290000 0.290000 0.000000 0.000000 0.000000 -167318.979899 10.318790
300.000000 0.292000 0.292000 0.292000 0.000000 0.000000 0.000000 -167147.857531 9.323393
300.000000 0.294000 0.294000 0.294000 0.000000 0.000000 0.000000 -167161.519411 -1.124984
300.000000 0.296000 0.296000 0.296000 0.000000 0.000000 0.000000 -167109.708945 4.344842
300.000000 0.298000 0.298000 0.298000 0.000000 0.000000 0.000000 -167061.992150 4.568585
300.000000 0.300000 0.300000 0.300000 0.000000 0.000000 0.000000 -167276.241642 4.012133
300.000000 0.302000 0.302000 0.302000 0.000000 0.000000 0.000000 -166921.747639 7.614183
300.000000 0.304000 0.304000 0.304000 0.000000 0.000000 0.000000 -167014.224977 9.325419
300.000000 0.306000 0.306000 0.306000 0.000000 0.000000 0.000000 -167359.066513 13.954875
300.000000 0.308000 0.308000 0.308000 0.000000 0.000000 0.000000 -166964.895939 14.158605
300.000000 0.310000 0.310000 0.310000 0.000000 0.000000 0.000000 -166881.016055 2.216781
300.000000 0.312000 0.312000 0.312000 0.000000 0.000000 0.000000 -167147.060690 2.502285
300.000000 0.314000 0.314000 0.314000 0.000000 0.000000 0.000000 -167047.346877 2.023610
300.000000 0.316000 0.316000 0.316000 0.000000 0.000000 0.000000 -167126.602067 12.143254
300.000000 0.318000 0.318000 0.318000 0.000000 0.000000 0.000000 -167085.300299 10.311811
300.000000 0.320000 0.320000 0.320000 0.000000 0.000000 0.000000 -166710.199968 7.789935
300.000000 0.322000 0.322000 0.322000 0.000000 0.000000 0.000000 -166781.819139 -1.423690
300.000000 0.324000 0.324000 0.324000 0.000000 0.000000 0.000000 -166743.567173 7.096051
300.000000 0.326000 0.326000 0.326000 0.000000 0.000000 0.000000 -166996.864436 2.849506
300.000000 0.328000 0.328000 0.328000 0.000000 0.000000 0.000000 -167091.381383 2.870418
300.000000 0.330000 0.330000 0.330000 0.000000 0.000000 0.000000 -167084.055198 -2.547350
300.000000 0.332000 0.332000 0.332000 0.000000 0.000000 0.000000 -167055.217354 13.329071
300.000000 0.334000 0.334000 0.334000 0.000000 0.000000 0.000000 -167070.181605 12.716988
300.000000 0.336000 0.336000 0.336000 0.000000 0.000000 0.000000 -166904.789837 7.970261
300.000000 0.338000 0.338000 0.338000 0.000000 0.000000 0.000000 -167003.863370 1.167775
300.000000 0.340000 0.340000 0.340000 0.000000 0.000000 0.000000 -167091.131044 5.869930
300.000000 0.342000 0.342000 0.342000 0.000000 0.000000 0.000000 -166740.163204 12.541472
300.000000 0.344000 0.344000 0.344000 0.000000 0.000000 0.000000 -167061.952029 -0.507761
300.000000 0.346000 0.346000 0.346000 0.000000 0.000000 0.000000 -166907.129724 6.368305
300.000000 0.348000 0.348000 0.348000 0.000000 0.000000 0.000000 -166914.117472 1.309347
300.000000 0.350000 0.350000 0.350000 0.000000 0.000000 0.000000 -167236.109628 1.677259
300.000000 0.352000 0.352000 0.352000 0.000000 0.000000 0.000000 -166789.800792 3.801541
300.000000 0.354000 0.354000 0.354000 0.000000 0.000000 0.000000 -166949.267287 4.792300
300.000000 0.356000 0.356000 0.356000 0.000000 0.000000 0.000000 -167091.045323 0.247243
300.000000 0.358000 0.358000 0.358000 0.000000 0.000000 0.000000 -167133.171019 3.280877
300.000000 0.360000 0.360000 0.360000 0.000000 0.000000 0.000000 -167177.663848 1.330468
300.000000 0.362000 0.362000 0.362000 0.000000 0.000000 0.000000 -167244.672921 7.658937
300.000000 0.364000 0.364000 0.364000 0.000000 0.000000 0.000000 -167029.501594 7.800011
300.000000 0.366000 0.366000 0.366000 0.000000 0.000000 0.000000 -166877.371387 3.639486
300.000000 0.368000 0.368000 0.368000 0.000000 0.000000 0.000000 -166769.035451 4.872903
300.000000 0.370000 0.370000 0.370000 0.000000 0.000000 0.000000 -166647.768125 9.095236
300.000000 0.372000 0.372000 0.372000 0.000000 0.000000 0.000000 -166909.538361 3.830220
300.000000 0.374000 0.374000 0.374000 0.000000 0.000000 0.000000 -166861.818912 3.048856
300.000000 0.376000 0.376000 0.376000 0.000000 0.000000 0.000000 -166855.345491 -2.865392
300.000000 0.378000 0.378000 0.378000 0.000000 0.000000 0.000000 -167303.576307 1.541371
300.000000 0.380000 0.380000 0.380000 0.000000 0.000000 0.000000 -167257.181929 1.973226
300.000000 0.382000 0.382000 0.382000 0.000000 0.000000 0.000000 -167026.472611 4.895708
300.000000 0.384000 0.384000 0.384000 0.000000 0.000000 0.000000 -167287.415184 -0.757364
300.000000 0.386000 0.386000 0.386000 0.000000 0.000000 0.000000 -166983.707481 1.003897
300.000000 0.388000 0.388000 0.388000 0.000000 0.000000 0.000000 -166982.373553 2.448004
300.000000 0.390000 0.390000 0.390000 0.000000 0.000000 0.000000 -166860.343297 -1.793491
300.000000 0.392000 0.392000 0.392000 0.000000 0.000000 0.000000 -166851.624531 0.734942
300.000000 0.394000 0.394000 0.394000 0.000000 0.000000 0.000000 -166727.565514 -1.243848
300.000000 0.396000 0.396000 0.396000 0.000000 0.000000 0.000000 -166807.755311 -5.479414
300.000000 0.398000 0.398000 0.398000 0.000000 0.000000 0.000000 -166727.668855 1.002196
300.000000 0.400000 0.400000 0.400000 0.000000 0.000000 0.000000 -166641.805568 -5.077644
300.000000 0.402000 0.402000 0.402000 0.000000 0.000000 0.000000 -166922.835207 -0.250807
300.000000 0.404000 0.404000 0.404000 0.000000 0.000000 0.000000 -166619.433074 -5.093445
300.000000 0.406000 0.406000 0.406000 0.000000 0.000000 0.000000 -167011.908805 1.006370
300.000000 0.408000 0.408000 0.408000 0.000000 0.000000 0.000000 -166870.635134 9.060917
300.000000 0.410000 0.410000 0.410000 0.000000 0.000000 0.000000 -166943.186032 -0.619037
300.000000 0.412000 0.412000 0.412000 0.000000 0.000000 0.000000 -166962.869660 2.412572
300.000000 0.414000 0.414000 0.414000 0.000000 0.000000 0.000000 -166949.604242 -0.522899
300.000000 0.416000 0.416000 0.416000 0.000000 0.000000 0.000000 -166608.243181 4.737661
300.000000 0.418000 0.418000 0.418000 0.000000 0.000000 0.000000 -166775.478766 0.382972
300.000000 0.420000 0.420000 0.420000 0.000000 0.000000 0.000000 -166928.740705 3.645639
300.000000 0.422000 0.422000 0.422000 0.000000 0.000000 0.000000 -167127.139082 5.350053
300.000000 0.424000 0.424000 0.424000 0.000000 0.000000 0.000000 -167615.987854 2.934675
300.000000 0.426000 0.426000 0.426000 0.000000 0.000000 0.000000 -167401.009810 3.801337
300.000000 0.428000 0.428000 0.428000 0.000000 0.000000 0.000000 -167244.918419 0.127698
300.000000 0.430000 0.430000 0.430000 0.000000 0.000000 0.000000 -167413.357025 7.468763
300.000000 0.432000 0.432000 0.432000 0.000000 0.000000 0.000000 -167200.133354 0.174049
300.000000 0.434000 0.434000 0.434000 0.000000 0.000000 0.000000 -167328.859269 1.632756
300.000000 0.436000 0.436000 0.436000 0.000000 0.000000 0.000000 -167327.158398 4.626399
300.000000 0.438000 0.438000 0.438000 0.000000 0.000000 0.000000 -167386.852249 3.395762
300.000000 0.440000 0.440000 0.440000 0.000000 0.000000 0.000000 -167142.741924 -1.002977
300.000000 0.442000 0.442000 0.442000 0.000000 0.000000 0.000000 -166966.486090 2.656782
300.000000 0.444000 0.444000 0.444000 0.000000 0.000000 0.000000 -166972.500486 -0.783734
300.000000 0.446000 0.446000 0.446000 0.000000 0.000000 0.000000 -166795.306945 1.712620
300.000000 0.448000 0.448000 0.448000 0.000000 0.000000 0.000000 -166934.300594 -0.119791
300.000000 0.450000 0.450000 0.450000 0.000000 0.000000 0.000000 -167274.425896 -1.228082
300.000000 0.452000 0.452000 0.452000 0.000000 0.000000 0.000000 -167072.625728 -0.497407
300.000000 0.454000 0.454000 0.454000 0.000000 0.000000 0.000000 -167069.456092 -2.843643
300.000000 0.456000 0.456000 0.456000 0.000000 0.000000 0.000000 -167031.574403 -2.194149
300.000000 0.458000 0.458000 0.458000 0.000000 0.000000 0.000000 -166963.726032 -0.640812
300.000000 0.460000 0.460000 0.460000 0.000000 0.000000 0.000000 -166520.711508 8.338702
300.000000 0.462000 0.462000 0.462000 0.000000 0.000000 0.000000 -167127.201771 0.887024
300.000000 0.464000 0.464000 0.464000 0.000000 0.000000 0.000000 -166715.386740 -4.791195
300.000000 0.466000 0.466000 0.466000 0.000000 0.000000 0.000000 -166643.873986 -2.675842
300.000000 0.468000 0.468000 0.468000 0.000000 0.000000 0.000000 -166788.981964 -4.948077
300.000000 0.470000 0.470000 0.470000 0.000000 0.000000 0.000000 -166768.305461 -0.863764
300.000000 0.472000 0.472000 0.472000 0.000000 0.000000 0.000000 -166858.166917 -1.161758
300.000000 0.474000 0.474000 0.474000 0.000000 0.000000 0.000000 -166861.501394 3.796714
300.000000 0.476000 0.476000 0.476000 0.000000 0.000000 0.000000 -167002.448900 -3.059886
300.000000 0.478000 0.478000 0.478000 0.000000 0.000000 0.000000 -167063.299554 2.342308
300.000000 0.480000 0.480000 0.480000 0.000000 0.000000 0.000000 -166989.379675 2.428549
300.000000 0.482000 0.482000 0.482000 0.000000 0.000000 0.000000 -167294.031714 6.380212
300.000000 0.484000 0.484000 0.484000 0.000000 0.000000 0.000000 -167258.356199 -0.438912
300.000000 0.486000 0.486000 0.486000 0.000000 0.000000 0.000000 -167238.186527 -1.676610
300.000000 0.488000 0.488000 0.488000 0.000000 0.000000 0.000000 -167005.849035 5.194519
300.000000 0.490000 0.490000 0.490000 0.000000 0.000000 0.000000 -167196.970201 -1.612102
300.000000 0.492000 0.492000 0.492000 0.000000 0.000000 0.000000 -167049.326777 2.612367
300.000000 0.494000 0.494000 0.494000 0.000000 0.000000 0.000000 -166958.300976 0.940921
300.000000 0.496000 0.496000 0.496000 0.000000 0.000000 0.000000 -167394.521544 -0.245262
300.000000 0.498000 0.498000 0.498000 0.000000 0.000000 0.000000 -167250.575555 2.113278
