300.000000 0.000000 0.000000 0.000000 0.000000 0.000000 0.000000 -167015.326790 866.098962
300.000000 0.002000 0.002000 0.002000 0.000000 0.000000 0.000000 -167000.868049 811.296387
300.000000 0.004000 0.004000 0.004000 0.000000 0.000000 0.000000 -167127.590445 841.361545
300.000000 0.006000 0.006000 0.006000 0.000000 0.000000 0.000000 -166933.684494 641.906716
300.000000 0.008000 0.008000 0.008000 0.000000 0.000000 0.000000 -166821.869377 297.397069
300.000000 0.010000 0.010000 0.010000 0.000000 0.000000 0.000000 -166838.455650 250.217804
300.000000 0.012000 0.012000 0.012000 0.000000 0.000000 0.000000 -167017.008546 164.676866
300.000000 0.014000 0.014000 0.014000 0.000000 0.000000 0.000000 -166969.121344 143.402440
300.000000 0.016000 0.016000 0.016000 0.000000 0.000000 0.000000 -167077.583445 74.178200
300.000000 0.018000 0.018000 0.018000 0.000000 0.000000 0.000000 -167195.291533 89.058163
300.000000 0.020000 0.020000 0.020000 0.000000 0.000000 0.000000 -167124.096852 75.682721
300.000000 0.022000 0.022000 0.022000 0.000000 0.000000 0.000000 -167183.786978 71.068202
300.000000 0.024000 0.024000 0.024000 0.000000 0.000000 0.000000 -167085.820379 54.848206
300.000000 0.026000 0.026000 0.026000 0.000000 0.000000 0.000000 -167193.256297 50.783327
300.000000 0.028000 0.028000 0.028000 0.000000 0.000000 0.000000 -167290.713755 66.602248
300.000000 0.030000 0.030000 0.030000 0.000000 0.000000 0.000000 -167318.959928 59.282924
300.000000 0.032000 0.032000 0.032000 0.000000 0.000000 0.000000 -166738.794073 45.940781
300.000000 0.034000 0.034000 0.034000 0.000000 0.000000 0.000000 -167036.988213 84.397253
300.000000 0.036000 0.036000 0.036000 0.000000 0.000000 0.000000 -167115.560270 36.570354
300.000000 0.038000 0.038000 0.038000 0.000000 0.000000 0.000000 -166871.116332 78.722464
300.000000 0.040000 0.040000 0.040000 0.000000 0.000000 0.000000 -166619.631881 57.602492
300.000000 0.042000 0.042000 0.042000 0.000000 0.000000 0.000000 -166705.274203 59.832576
300.000000 0.044000 0.044000 0.044000 0.000000 0.000000 0.000000 -166968.157729 29.746853
300.000000 0.046000 0.046000 0.046000 0.000000 0.000000 0.000000 -166984.967980 61.174364
300.000000 0.048000 0.048000 0.048000 0.000000 0.000000 0.000000 -167137.042653 29.563449
300.000000 0.050000 0.050000 0.050000 0.000000 0.000000 0.000000 -167330.449467 62.347750
300.000000 0.052000 0.052000 0.052000 0.000000 0.000000 0.000000 -167142.691613 43.694855
300.000000 0.054000 0.054000 0.054000 0.000000 0.000000 0.000000 -167349.050855 26.093971
300.000000 0.056000 0.056000 0.056000 0.000000 0.000000 0.000000 -167383.858875 31.085753
300.000000 0.058000 0.058000 0.058000 0.000000 0.000000 0.000000 -167324.422627 43.954012
300.000000 0.060000 0.060000 0.060000 0.000000 0.000000 0.000000 -167172.694881 62.428063
300.000000 0.062000 0.062000 0.062000 0.000000 0.000000 0.000000 -167151.276344 37.105334
300.000000 0.064000 0.064000 0.064000 0.000000 0.000000 0.000000 -167025.251270 31.108284
300.000000 0.066000 0.066000 0.066000 0.000000 0.000000 0.000000 -167017.780661 12.569148
300.000000 0.068000 0.068000 0.068000 0.000000 0.000000 0.000000 -167285.778090 33.215474
300.000000 0.070000 0.070000 0.070000 0.000000 0.000000 0.000000 -167226.490697 47.359505
300.000000 0.072000 0.072000 0.072000 0.000000 0.000000 0.000000 -167083.095783 26.428378
300.000000 0.074000 0.074000 0.074000 0.000000 0.000000 0.000000 -167305.443813 29.232077
300.000000 0.076000 0.076000 0.076000 0.000000 0.000000 0.000000 -166976.385303 43.060895
300.000000 0.078000 0.078000 0.078000 0.000000 0.000000 0.000000 -167386.675244 30.995935
300.000000 0.080000 0.080000 0.080000 0.000000 0.000000 0.000000 -167124.451274 13.155100
300.000000 0.082000 0.082000 0.082000 0.000000 0.000000 0.000000 -166894.315864 21.091599
300.000000 0.084000 0.084000 0.084000 0.000000 0.000000 0.000000 -167053.371177 23.929329
300.000000 0.086000 0.086000 0.086000 0.000000 0.000000 0.000000 -167217.898807 24.620135
300.000000 0.088000 0.088000 0.088000 0.000000 0.000000 0.000000 -167040.121100 13.917013
300.000000 0.090000 0.090000 0.090000 0.000000 0.000000 0.000000 -166898.196415 34.910317
300.000000 0.092000 0.092000 0.092000 0.000000 0.000000 0.000000 -167114.180728 5.603298
300.000000 0.094000 0.094000 0.094000 0.000000 0.000000 0.000000 -166711.689085 17.971117
300.000000 0.096000 0.096000 0.096000 0.000000 0.000000 0.000000 -166757.077420 15.468562
300.000000 0.098000 0.098000 0.098000 0.000000 0.000000 0.000000 -166736.349401 32.311522
300.000000 0.100000 0.100000 0.100000 0.000000 0.000000 0.000000 -167018.410815 16.201877
300.000000 0.102000 0.102000 0.102000 0.000000 0.000000 0.000000 -166993.726638 44.974248
300.000000 0.104000 0.104000 0.104000 0.000000 0.000000 0.000000 -166948.500795 26.545340
300.000000 0.106000 0.106000 0.106000 0.000000 0.000000 0.000000 -167081.793799 15.884782
300.000000 0.108000 0.108000 0.108000 0.000000 0.000000 0.000000 -167064.018502 14.603481
300.000000 0.110000 0.110000 0.110000 0.000000 0.000000 0.000000 -167139.572626 29.201086
300.000000 0.112000 0.112000 0.112000 0.000000 0.000000 0.000000 -167009.001980 39.586884
300.000000 0.114000 0.114000 0.114000 0.000000 0.000000 0.000000 -167191.973849 27.860412
300.000000 0.116000 0.116000 0.116000 0.000000 0.000000 0.000000 -166883.754740 36.150525
300.000000 0.118000 0.118000 0.118000 0.000000 0.000000 0.000000 -167388.386987 18.456233
300.000000 0.120000 0.120000 0.120000 0.000000 0.000000 0.000000 -166968.353204 13.367816
300.000000 0.122000 0.122000 0.122000 0.000000 0.000000 0.000000 -167409.384611 21.767413
300.000000 0.124000 0.124000 0.124000 0.000000 0.000000 0.000000 -167123.637573 32.610877
300.000000 0.126000 0.126000 0.126000 0.000000 0.000000 0.000000 -167156.380178 21.739068
300.000000 0.128000 0.128000 0.128000 0.000000 0.000000 0.000000 -167110.075262 12.512201
300.000000 0.130000 0.130000 0.130000 0.000000 0.000000 0.000000 -167021.335499 12.588198
300.000000 0.132000 0.132000 0.132000 0.000000 0.000000 0.000000 -166920.302325 41.362984
300.000000 0.134000 0.134000 0.134000 0.000000 0.000000 0.000000 -166883.582274 29.867663
300.000000 0.136000 0.136000 0.136000 0.000000 0.000000 0.000000 -166864.768417 21.608170
300.000000 0.138000 0.138000 0.138000 0.000000 0.000000 0.000000 -166982.855656 30.276810
300.000000 0.140000 0.140000 0.140000 0.000000 0.000000 0.000000 -167041.210346 21.180804
300.000000 0.142000 0.142000 0.142000 0.000000 0.000000 0.000000 -166915.925763 14.406808
300.000000 0.144000 0.144000 0.144000 0.000000 0.000000 0.000000 -167191.075051 15.883806
300.000000 0.146000 0.146000 0.146000 0.000000 0.000000 0.000000 -166886.747985 2.183836
300.000000 0.148000 0.148000 0.148000 0.000000 0.000000 0.000000 -166847.926094 4.711726
300.000000 0.150000 0.150000 0.150000 0.000000 0.000000 0.000000 -166944.160034 16.092858
300.000000 0.152000 0.152000 0.152000 0.000000 0.000000 0.000000 -166952.572767 15.029279
300.000000 0.154000 0.154000 0.154000 0.000000 0.000000 0.000000 -166812.685227 23.614164
300.000000 0.156000 0.156000 0.156000 0.000000 0.000000 0.000000 -166727.860976 26.149352
300.000000 0.158000 0.158000 0.158000 0.000000 0.000000 0.000000 -166673.856176 16.637657
300.000000 0.160000 0.160000 0.160000 0.000000 0.000000 0.000000 -166746.112569 23.350086
300.000000 0.162000 0.162000 0.162000 0.000000 0.000000 0.000000 -166713.984586 12.060017
300.000000 0.164000 0.164000 0.164000 0.000000 0.000000 0.000000 -166736.522126 28.027666
300.000000 0.166000 0.166000 0.166000 0.000000 0.000000 0.000000 -166730.918243 14.367421
300.000000 0.168000 0.168000 0.168000 0.000000 0.000000 0.000000 -166928.154624 19.372942
300.000000 0.170000 0.170000 0.170000 0.000000 0.000000 0.000000 -166812.106843 8.171008
300.000000 0.172000 0.172000 0.172000 0.000000 0.000000 0.000000 -166608.495117 5.860610
300.000000 0.174000 0.174000 0.174000 0.000000 0.000000 0.000000 -166832.780852 19.355952
300.000000 0.176000 0.176000 0.176000 0.000000 0.000000 0.000000 -166791.122911 30.483364
300.000000 0.178000 0.178000 0.178000 0.000000 0.000000 0.000000 -166830.640920 7.530386
300.000000 0.180000 0.180000 0.180000 0.000000 0.000000 0.000000 -166839.273388 14.149910
300.000000 0.182000 0.182000 0.182000 0.000000 0.000000 0.000000 -166693.188672 3.813068
300.000000 0.184000 0.184000 0.184000 0.000000 0.000000 0.000000 -166960.106994 16.890126
300.000000 0.186000 0.186000 0.186000 0.000000 0.000000 0.000000 -166864.353325 8.335828
300.000000 0.188000 0.188000 0.188000 0.000000 0.000000 0.000000 -167052.212689 9.138139
300.000000 0.190000 0.190000 0.190000 0.000000 0.000000 0.000000 -166641.374175 11.450741
300.000000 0.192000 0.192000 0.192000 0.000000 0.000000 0.000000 -166685.298000 20.430311
300.000000 0.194000 0.194000 0.194000 0.000000 0.000000 0.000000 -166854.182641 13.087560
300.000000 0.196000 0.196000 0.196000 0.000000 0.000000 0.000000 -166998.524830 8.945890
300.000000 0.198000 0.198000 0.198000 0.000000 0.000000 0.000000 -167182.469044 11.196791
300.000000 0.200000 0.200000 0.200000 0.000000 0.000000 0.000000 -166973.917781 12.767487
300.000000 0.202000 0.202000 0.202000 0.000000 0.000000 0.000000 -167034.445469 6.679023
300.000000 0.204000 0.204000 0.204000 0.000000 0.000000 0.000000 -167131.264217 21.469836
300.000000 0.206000 0.206000 0.206000 0.000000 0.000000 0.000000 -167050.414655 11.059228
300.000000 0.208000 0.208000 0.208000 0.000000 0.000000 0.000000 -166760.063554 16.513249
300.000000 0.210000 0.210000 0.210000 0.000000 0.000000 0.000000 -166740.007702 13.719955
300.000000 0.212000 0.212000 0.212000 0.000000 0.000000 0.000000 -167031.574629 7.815428
300.000000 0.214000 0.214000 0.214000 0.000000 0.000000 0.000000 -166843.839535 9.170849
300.000000 0.216000 0.216000 0.216000 0.000000 0.000000 0.000000 -166345.719326 22.941487
300.000000 0.218000 0.218000 0.218000 0.000000 0.000000 0.000000 -166765.412653 13.866021
300.000000 0.220000 0.220000 0.220000 0.000000 0.000000 0.000000 -166725.180684 9.624600
300.000000 0.222000 0.222000 0.222000 0.000000 0.000000 0.000000 -166882.294218 13.036238
300.000000 0.224000 0.224000 0.224000 0.000000 0.000000 0.000000 -166982.891548 13.583622
300.000000 0.226000 0.226000 0.226000 0.000000 0.000000 0.000000 -167190.824459 8.895070
300.000000 0.228000 0.228000 0.228000 0.000000 0.000000 0.000000 -167131.273968 6.473138
300.000000 0.230000 0.230000 0.230000 0.000000 0.000000 0.000000 -166946.401011 6.090492
300.000000 0.232000 0.232000 0.232000 0.000000 0.000000 0.000000 -167147.463464 0.232007
300.000000 0.234000 0.234000 0.234000 0.000000 0.000000 0.000000 -167196.984127 6.280069
300.000000 0.236000 0.236000 0.236000 0.000000 0.000000 0.000000 -166967.857992 9.623245
300.000000 0.238000 0.238000 0.238000 0.000000 0.000000 0.000000 -166998.879374 7.907126
300.000000 0.240000 0.240000 0.240000 0.000000 0.000000 0.000000 -167103.876793 -0.189227
300.000000 0.242000 0.242000 0.242000 0.000000 0.000000 0.000000 -167238.147125 8.583339
300.000000 0.244000 0.244000 0.244000 0.000000 0.000000 0.000000 -166614.442570 12.427744
300.000000 0.246000 0.246000 0.246000 0.000000 0.000000 0.000000 -167064.594376 9.696377
300.000000 0.248000 0.248000 0.248000 0.000000 0.000000 0.000000 -167147.021989 -2.626105
300.000000 0.250000 0.250000 0.250000 0.000000 0.000000 0.000000 -166811.585673 9.777292
300.000000 0.252000 0.252000 0.252000 0.000000 0.000000 0.000000 -167013.979074 6.101273
300.000000 0.254000 0.254000 0.254000 0.000000 0.000000 0.000000 -167010.386452 7.494862
300.000000 0.256000 0.256000 0.256000 0.000000 0.000000 0.000000 -167148.348581 7.878468
300.000000 0.258000 0.258000 0.258000 0.000000 0.000000 0.000000 -167201.916727 12.882530
300.000000 0.260000 0.260000 0.260000 0.000000 0.000000 0.000000 -167248.597407 3.779642
300.000000 0.262000 0.262000 0.262000 0.000000 0.000000 0.000000 -167316.221693 11.748796
300.000000 0.264000 0.264000 0.264000 0.000000 0.000000 0.000000 -167081.918499 8.730421
300.000000 0.266000 0.266000 0.266000 0.000000 0.000000 0.000000 -167557.475653 17.938975
300.000000 0.268000 0.268000 0.268000 0.000000 0.000000 0.000000 -167357.672681 8.699028
300.000000 0.270000 0.270000 0.270000 0.000000 0.000000 0.000000 -167458.272248 4.760501
300.000000 0.272000 0.272000 0.272000 0.000000 0.000000 0.000000 -167233.168714 8.893757
300.000000 0.274000 0.274000 0.274000 0.000000 0.000000 0.000000 -167219.017438 3.079673
300.000000 0.276000 0.276000 0.276000 0.000000 0.000000 0.000000 -167083.847817 7.572709
300.000000 0.278000 0.278000 0.278000 0.000000 0.000000 0.000000 -167273.074443 11.730248
300.000000 0.280000 0.280000 0.280000 0.000000 0.000000 0.000000 -167244.762562 3.108482
300.000000 0.282000 0.282000 0.282000 0.000000 0.000000 0.000000 -167329.283029 7.396932
300.000000 0.284000 0.284000 0.284000 0.000000 0.000000 0.000000 -167164.501248 -0.911605
300.000000 0.286000 0.286000 0.286000 0.000000 0.000000 0.000000 -167204.621754 8.352262
300.000000 0.288000 0.288000 0.288000 0.000000 0.000000 0.000000 -167280.497466 12.154606
300.000000 0.290000 0.290000 0.290000 0.000000 0.000000 0.000000 -166882.012725 11.900502
300.000000 0.292000 0.292000 0.292000 0.000000 0.000000 0.000000 -167080.660119 -0.207755
300.000000 0.294000 0.294000 0.294000 0.000000 0.000000 0.000000 -167178.827488 11.622817
300.000000 0.296000 0.296000 0.296000 0.000000 0.000000 0.000000 -166971.197729 5.679382
300.000000 0.298000 0.298000 0.298000 0.000000 0.000000 0.000000 -167073.921878 16.286155
300.000000 0.300000 0.300000 0.300000 0.000000 0.000000 0.000000 -167084.771644 11.355024
300.000000 0.302000 0.302000 0.302000 0.000000 0.000000 0.000000 -167212.420705 7.675121
300.000000 0.304000 0.304000 0.304000 0.000000 0.000000 0.000000 -167048.390730 10.162120
300.000000 0.306000 0.306000 0.306000 0.000000 0.000000 0.000000 -166973.273816 5.785408
300.000000 0.308000 0.308000 0.308000 0.000000 0.000000 0.000000 -167009.379960 13.822878
300.000000 0.310000 0.310000 0.310000 0.000000 0.000000 0.000000 -166874.516773 1.436292
300.000000 0.312000 0.312000 0.312000 0.000000 0.000000 0.000000 -167150.762085 9.609575
300.000000 0.314000 0.314000 0.314000 0.000000 0.000000 0.000000 -167253.260407 8.433434
300.000000 0.316000 0.316000 0.316000 0.000000 0.000000 0.000000 -167059.765902 4.491154
300.000000 0.318000 0.318000 0.318000 0.000000 0.000000 0.000000 -167183.576307 11.741092
300.000000 0.320000 0.320000 0.320000 0.000000 0.000000 0.000000 -167240.439992 9.051390
300.000000 0.322000 0.322000 0.322000 0.000000 0.000000 0.000000 -167178.050453 8.430770
300.000000 0.324000 0.324000 0.324000 0.000000 0.000000 0.000000 -167289.070334 8.457534
300.000000 0.326000 0.326000 0.326000 0.000000 0.000000 0.000000 -167348.981338 3.796788
300.000000 0.328000 0.328000 0.328000 0.000000 0.000000 0.000000 -166965.966016 -1.271130
300.000000 0.330000 0.330000 0.330000 0.000000 0.000000 0.000000 -166820.650655 3.664235
300.000000 0.332000 0.332000 0.332000 0.000000 0.000000 0.000000 -166777.204247 8.173311
300.000000 0.334000 0.334000 0.334000 0.000000 0.000000 0.000000 -167120.027779 11.564503
300.000000 0.336000 0.336000 0.336000 0.000000 0.000000 0.000000 -167068.966396 5.641572
300.000000 0.338000 0.338000 0.338000 0.000000 0.000000 0.000000 -167252.136569 2.989531
300.000000 0.340000 0.340000 0.340000 0.000000 0.000000 0.000000 -167390.373043 7.644754
300.000000 0.342000 0.342000 0.342000 0.000000 0.000000 0.000000 -167359.884503 4.788330
300.000000 0.344000 0.344000 0.344000 0.000000 0.000000 0.000000 -167344.703475 5.830091
300.000000 0.346000 0.346000 0.346000 0.000000 0.000000 0.000000 -167440.730267 1.581302
300.000000 0.348000 0.348000 0.348000 0.000000 0.000000 0.000000 -167060.365424 0.905948
300.000000 0.350000 0.350000 0.350000 0.000000 0.000000 0.000000 -167104.125765 1.296219
300.000000 0.352000 0.352000 0.352000 0.000000 0.000000 0.000000 -167073.458426 7.559774
300.000000 0.354000 0.354000 0.354000 0.000000 0.000000 0.000000 -167368.863746 4.132127
300.000000 0.356000 0.356000 0.356000 0.000000 0.000000 0.000000 -167403.371993 2.206773
300.000000 0.358000 0.358000 0.358000 0.000000 0.000000 0.000000 -167213.697068 1.271338
300.000000 0.360000 0.360000 0.360000 0.000000 0.000000 0.000000 -167168.475197 0.893181
300.000000 0.362000 0.362000 0.362000 0.000000 0.000000 0.000000 -167284.270458 -0.868719
300.000000 0.364000 0.364000 0.364000 0.000000 0.000000 0.000000 -167193.315151 -3.065349
300.000000 0.366000 0.366000 0.366000 0.000000 0.000000 0.000000 -167300.577778 1.402181
300.000000 0.368000 0.368000 0.368000 0.000000 0.000000 0.000000 -167122.094903 3.128664
300.000000 0.370000 0.370000 0.370000 0.000000 0.000000 0.000000 -167203.235714 -2.908969
300.000000 0.372000 0.372000 0.372000 0.000000 0.000000 0.000000 -167015.736113 2.064293
300.000000 0.374000 0.374000 0.374000 0.000000 0.000000 0.000000 -167156.853932 -4.450549
300.000000 0.376000 0.376000 0.376000 0.000000 0.000000 0.000000 -167250.676860 7.855039
300.000000 0.378000 0.378000 0.378000 0.000000 0.000000 0.000000 -166996.379812 1.357292
300.000000 0.380000 0.380000 0.380000 0.000000 0.000000 0.000000 -166982.310136 3.541230
300.000000 0.382000 0.382000 0.382000 0.000000 0.000000 0.000000 -166878.767318 4.712377
300.000000 0.384000 0.384000 0.384000 0.000000 0.000000 0.000000 -167163.110921 -9.163160
300.000000 0.386000 0.386000 0.386000 0.000000 0.000000 0.000000 -167046.821904 -1.324269
300.000000 0.388000 0.388000 0.388000 0.000000 0.000000 0.000000 -166910.528077 2.112925
300.000000 0.390000 0.390000 0.390000 0.000000 0.000000 0.000000 -167201.128267 0.843547
300.000000 0.392000 0.392000 0.392000 0.000000 0.000000 0.000000 -166843.965362 3.909940
300.000000 0.394000 0.394000 0.394000 0.000000 0.000000 0.000000 -167149.037205 2.699038
300.000000 0.396000 0.396000 0.396000 0.000000 0.000000 0.000000 -167284.479921 5.846746
300.000000 0.398000 0.398000 0.398000 0.000000 0.000000 0.000000 -166923.247927 1.114877
300.000000 0.400000 0.400000 0.400000 0.000000 0.000000 0.000000 -167166.039570 0.115631
300.000000 0.402000 0.402000 0.402000 0.000000 0.000000 0.000000 -167170.128846 -0.670355
300.000000 0.404000 0.404000 0.404000 0.000000 0.000000 0.000000 -167232.319653 4.600810
300.000000 0.406000 0.406000 0.406000 0.000000 0.000000 0.000000 -167101.046025 1.383775
300.000000 0.408000 0.408000 0.408000 0.000000 0.000000 0.000000 -167072.471218 3.348881
300.000000 0.410000 0.410000 0.410000 0.000000 0.000000 0.000000 -166829.445078 1.820891
300.000000 0.412000 0.412000 0.412000 0.000000 0.000000 0.000000 -166905.045069 -0.447277
300.000000 0.414000 0.414000 0.414000 0.000000 0.000000 0.000000 -166843.360487 -1.718917
300.000000 0.416000 0.416000 0.416000 0.000000 0.000000 0.000000 -167016.302700 4.057184
300.000000 0.418000 0.418000 0.418000 0.000000 0.000000 0.000000 -166591.612839 -4.624789
300.000000 0.420000 0.420000 0.420000 0.000000 0.000000 0.000000 -166909.034126 2.347018
300.000000 0.422000 0.422000 0.422000 0.000000 0.000000 0.000000 -166703.989235 -0.395419
300.000000 0.424000 0.424000 0.424000 0.000000 0.000000 0.000000 -166877.109416 1.235528
300.000000 0.426000 0.426000 0.426000 0.000000 0.000000 0.000000 -166960.584499 -3.290500
300.000000 0.428000 0.428000 0.428000 0.000000 0.000000 0.000000 -166822.338251 1.674021
300.000000 0.430000 0.430000 0.430000 0.000000 0.000000 0.000000 -166821.921802 -4.797789
300.000000 0.432000 0.432000 0.432000 0.000000 0.000000 0.000000 -166653.717305 5.309197
300.000000 0.434000 0.434000 0.434000 0.000000 0.000000 0.000000 -166845.156655 14.647404
300.000000 0.436000 0.436000 0.436000 0.000000 0.000000 0.000000 -166670.419415 2.436610
300.000000 0.438000 0.438000 0.438000 0.000000 0.000000 0.000000 -166808.938764 3.458016
300.000000 0.440000 0.440000 0.440000 0.000000 0.000000 0.000000 -166889.869211 0.087203
300.000000 0.442000 0.442000 0.442000 0.000000 0.000000 0.000000 -166906.126979 -0.277899
300.000000 0.444000 0.444000 0.444000 0.000000 0.000000 0.000000 -167028.813800 2.824569
300.000000 0.446000 0.446000 0.446000 0.000000 0.000000 0.000000 -167214.889207 1.752852
300.000000 0.448000 0.448000 0.448000 0.000000 0.000000 0.000000 -167360.138367 -1.530534
300.000000 0.450000 0.450000 0.450000 0.000000 0.000000 0.000000 -167168.647594 -4.501020
300.000000 0.452000 0.452000 0.452000 0.000000 0.000000 0.000000 -167276.459440 -1.774810
300.000000 0.454000 0.454000 0.454000 0.000000 0.000000 0.000000 -166870.953368 1.283447
300.000000 0.456000 0.456000 0.456000 0.000000 0.000000 0.000000 -166674.967364 -4.511496
300.000000 0.458000 0.458000 0.458000 0.000000 0.000000 0.000000 -167120.801438 0.588899
300.000000 0.460000 0.460000 0.460000 0.000000 0.000000 0.000000 -167023.297213 -0.718586
300.000000 0.462000 0.462000 0.462000 0.000000 0.000000 0.000000 -167138.742653 -4.874568
300.000000 0.464000 0.464000 0.464000 0.000000 0.000000 0.000000 -166821.539590 1.516261
300.000000 0.466000 0.466000 0.466000 0.000000 0.000000 0.000000 -166829.863495 -2.402270
300.000000 0.468000 0.468000 0.468000 0.000000 0.000000 0.000000 -166832.498605 -1.697084
300.000000 0.470000 0.470000 0.470000 0.000000 0.000000 0.000000 -166793.575504 -1.916541
300.000000 0.472000 0.472000 0.472000 0.000000 0.000000 0.000000 -166930.218645 0.535518
300.000000 0.474000 0.474000 0.474000 0.000000 0.000000 0.000000 -166785.238814 1.854457
300.000000 0.476000 0.476000 0.476000 0.000000 0.000000 0.000000 -166870.096651 1.932277
300.000000 0.478000 0.478000 0.478000 0.000000 0.000000 0.000000 -166736.682222 1.355600
300.000000 0.480000 0.480000 0.480000 0.000000 0.000000 0.000000 -166802.617439 0.326790
300.000000 0.482000 0.482000 0.482000 0.000000 0.000000 0.000000 -167060.898723 1.971961
300.000000 0.484000 0.484000 0.484000 0.000000 0.000000 0.000000 -166968.318545 1.473199
300.000000 0.486000 0.486000 0.486000 0.000000 0.000000 0.000000 -167046.927600 1.342626
300.000000 0.488000 0.488000 0.488000 0.000000 0.000000 0.000000 -166975.943771 -2.779461
300.000000 0.490000 0.490000 0.490000 0.000000 0.000000 0.000000 -166868.254613 2.208219
300.000000 0.492000 0.492000 0.492000 0.000000 0.000000 0.000000 -166938.686944 -4.071359
300.000000 0.494000 0.494000 0.494000 0.000000 0.000000 0.000000 -166839.315587 1.215004
300.000000 0.496000 0.496000 0.496000 0.000000 0.000000 0.000000 -166626.683128 3.914349
300.000000 0.498000 0.498000 0.498000 0.000000 0.000000 0.000000 -166720.499321 -0.752529
