300.000000 0.000000 0.000000 0.000000 0.000000 0.000000 0.000000 -166623.593224 582.195891
300.000000 0.002000 0.002000 0.002000 0.000000 0.000000 0.000000 -166894.684010 271.024940
300.000000 0.004000 0.004000 0.004000 0.000000 0.000000 0.000000 -166883.982557 126.577333
300.000000 0.006000 0.006000 0.006000 0.000000 0.000000 0.000000 -166772.981779 152.676075
300.000000 0.008000 0.008000 0.008000 0.000000 0.000000 0.000000 -166870.637958 107.189776
300.000000 0.010000 0.010000 0.010000 0.000000 0.000000 0.000000 -167154.206225 43.986323
300.000000 0.012000 0.012000 0.012000 0.000000 0.000000 0.000000 -166996.335574 57.389992
300.000000 0.014000 0.014000 0.014000 0.000000 0.000000 0.000000 -167080.881411 91.913229
300.000000 0.016000 0.016000 0.016000 0.000000 0.000000 0.000000 -167056.065452 42.065128
300.000000 0.018000 0.018000 0.018000 0.000000 0.000000 0.000000 -167187.364449 142.281800
300.000000 0.020000 0.020000 0.020000 0.000000 0.000000 0.000000 -167124.827902 108.920737
300.000000 0.022000 0.022000 0.022000 0.000000 0.000000 0.000000 -167010.096437 24.512591
300.000000 0.024000 0.024000 0.024000 0.000000 0.000000 0.000000 -167061.197829 44.014983
300.000000 0.026000 0.026000 0.026000 0.000000 0.000000 0.000000 -166751.374527 38.652573
300.000000 0.028000 0.028000 0.028000 0.000000 0.000000 0.000000 -166935.966830 40.014981
300.000000 0.030000 0.030000 0.030000 0.000000 0.000000 0.000000 -166847.797342 35.473595
300.000000 0.032000 0.032000 0.032000 0.000000 0.000000 0.000000 -166862.328882 43.888588
300.000000 0.034000 0.034000 0.034000 0.000000 0.000000 0.000000 -166940.062141 51.870391
300.000000 0.036000 0.036000 0.036000 0.000000 0.000000 0.000000 -167226.943638 18.809139
300.000000 0.038000 0.038000 0.038000 0.000000 0.000000 0.000000 -166931.274934 12.155315
300.000000 0.040000 0.040000 0.040000 0.000000 0.000000 0.000000 -166898.560917 66.917358
300.000000 0.042000 0.042000 0.042000 0.000000 0.000000 0.000000 -167137.067515 33.950628
300.000000 0.044000 0.044000 0.044000 0.000000 0.000000 0.000000 -167003.791429 18.159100
300.000000 0.046000 0.046000 0.046000 0.000000 0.000000 0.000000 -166912.375254 28.132533
300.000000 0.048000 0.048000 0.048000 0.000000 0.000000 0.000000 -167267.642412 46.444197
300.000000 0.050000 0.050000 0.050000 0.000000 0.000000 0.000000 -167087.351697 37.638591
300.000000 0.052000 0.052000 0.052000 0.000000 0.000000 0.000000 -167102.033177 43.017470
300.000000 0.054000 0.054000 0.054000 0.000000 0.000000 0.000000 -167211.625577 44.110315
300.000000 0.056000 0.056000 0.056000 0.000000 0.000000 0.000000 -166909.289697 52.586763
300.000000 0.058000 0.058000 0.058000 0.000000 0.000000 0.000000 -166921.872618 32.191458
300.000000 0.060000 0.060000 0.060000 0.000000 0.000000 0.000000 -167048.232571 50.772617
300.000000 0.062000 0.062000 0.062000 0.000000 0.000000 0.000000 -167364.378706 16.213913
300.000000 0.064000 0.064000 0.064000 0.000000 0.000000 0.000000 -166765.831027 51.034470
300.000000 0.066000 0.066000 0.066000 0.000000 0.000000 0.000000 -166884.727951 39.298472
300.000000 0.068000 0.068000 0.068000 0.000000 0.000000 0.000000 -166994.854565 59.560265
300.000000 0.070000 0.070000 0.070000 0.000000 0.000000 0.000000 -167004.317372 28.421817
300.000000 0.072000 0.072000 0.072000 0.000000 0.000000 0.000000 -167011.886922 42.415444
300.000000 0.074000 0.074000 0.074000 0.000000 0.000000 0.000000 -167169.205051 38.002141
300.000000 0.076000 0.076000 0.076000 0.000000 0.000000 0.000000 -167246.928017 21.779457
300.000000 0.078000 0.078000 0.078000 0.000000 0.000000 0.000000 -167344.742175 24.837051
300.000000 0.080000 0.080000 0.080000 0.000000 0.000000 0.000000 -167354.043833 11.437870
300.000000 0.082000 0.082000 0.082000 0.000000 0.000000 0.000000 -167139.606527 37.754776
300.000000 0.084000 0.084000 0.084000 0.000000 0.000000 0.000000 -167283.518246 28.395631
300.000000 0.086000 0.086000 0.086000 0.000000 0.000000 0.000000 -167275.072093 17.444389
300.000000 0.088000 0.088000 0.088000 0.000000 0.000000 0.000000 -167160.071025 24.240758
300.000000 0.090000 0.090000 0.090000 0.000000 0.000000 0.000000 -167208.573688 22.018603
300.000000 0.092000 0.092000 0.092000 0.000000 0.000000 0.000000 -167126.276569 39.990200
300.000000 0.094000 0.094000 0.094000 0.000000 0.000000 0.000000 -167074.731558 32.532791
300.000000 0.096000 0.096000 0.096000 0.000000 0.000000 0.000000 -167260.685194 20.507910
300.000000 0.098000 0.098000 0.098000 0.000000 0.000000 0.000000 -167174.366061 19.550153
300.000000 0.100000 0.100000 0.100000 0.000000 0.000000 0.000000 -167222.107021 21.700745
300.000000 0.102000 0.102000 0.102000 0.000000 0.000000 0.000000 -167257.788869 34.165462
300.000000 0.104000 0.104000 0.104000 0.000000 0.000000 0.000000 -167452.716727 20.874199
300.000000 0.106000 0.106000 0.106000 0.000000 0.000000 0.000000 -167347.568666 10.808625
300.000000 0.108000 0.108000 0.108000 0.000000 0.000000 0.000000 -167213.425491 29.718041
300.000000 0.110000 0.110000 0.110000 0.000000 0.000000 0.000000 -167231.907939 14.938333
300.000000 0.112000 0.112000 0.112000 0.000000 0.000000 0.000000 -167398.842323 17.173628
300.000000 0.114000 0.114000 0.114000 0.000000 0.000000 0.000000 -167261.129942 24.685822
300.000000 0.116000 0.116000 0.116000 0.000000 0.000000 0.000000 -167165.332891 37.355618
300.000000 0.118000 0.118000 0.118000 0.000000 0.000000 0.000000 -167449.008709 28.771026
300.000000 0.120000 0.120000 0.120000 0.000000 0.000000 0.000000 -167397.166587 14.053369
300.000000 0.122000 0.122000 0.122000 0.000000 0.000000 0.000000 -167360.807347 13.952113
300.000000 0.124000 0.124000 0.124000 0.000000 0.000000 0.000000 -167098.737248 8.828839
300.000000 0.126000 0.126000 0.126000 0.000000 0.000000 0.000000 -167043.130565 27.911118
300.000000 0.128000 0.128000 0.128000 0.000000 0.000000 0.000000 -167040.597898 12.458826
300.000000 0.130000 0.130000 0.130000 0.000000 0.000000 0.000000 -167166.081461 16.486351
300.000000 0.132000 0.132000 0.132000 0.000000 0.000000 0.000000 -167092.706241 26.067856
300.000000 0.134000 0.134000 0.134000 0.000000 0.000000 0.000000 -166838.529984 14.833737
300.000000 0.136000 0.136000 0.136000 0.000000 0.000000 0.000000 -167127.487062 19.789152
300.000000 0.138000 0.138000 0.138000 0.000000 0.000000 0.000000 -167223.166367 19.030272
300.000000 0.140000 0.140000 0.140000 0.000000 0.000000 0.000000 -167169.786186 15.796039
300.000000 0.142000 0.142000 0.142000 0.000000 0.000000 0.000000 -166946.909901 9.841737
300.000000 0.144000 0.144000 0.144000 0.000000 0.000000 0.000000 -167165.045349 5.728788
300.000000 0.146000 0.146000 0.146000 0.000000 0.000000 0.000000 -167167.631176 12.377964
300.000000 0.148000 0.148000 0.148000 0.000000 0.000000 0.000000 -166808.198683 8.989165
300.000000 0.150000 0.150000 0.150000 0.000000 0.000000 0.000000 -167279.295995 11.898680
300.000000 0.152000 0.152000 0.152000 0.000000 0.000000 0.000000 -167050.408405 7.748861
300.000000 0.154000 0.154000 0.154000 0.000000 0.000000 0.000000 -166847.961443 12.930755
300.000000 0.156000 0.156000 0.156000 0.000000 0.000000 0.000000 -166957.801883 17.313680
300.000000 0.158000 0.158000 0.158000 0.000000 0.000000 0.000000 -166703.405339 23.283414
300.000000 0.160000 0.160000 0.160000 0.000000 0.000000 0.000000 -166959.421918 26.419819
300.000000 0.162000 0.162000 0.162000 0.000000 0.000000 0.000000 -167004.426252 2.401013
300.000000 0.164000 0.164000 0.164000 0.000000 0.000000 0.000000 -166743.203313 12.128457
300.000000 0.166000 0.166000 0.166000 0.000000 0.000000 0.000000 -166688.084423 6.117216
300.000000 0.168000 0.168000 0.168000 0.000000 0.000000 0.000000 -166959.627501 18.917850
300.000000 0.170000 0.170000 0.170000 0.000000 0.000000 0.000000 -167113.765832 52.814628
300.000000 0.172000 0.172000 0.172000 0.000000 0.000000 0.000000 -167171.288006 28.228206
300.000000 0.174000 0.174000 0.174000 0.000000 0.000000 0.000000 -167023.839864 10.958872
300.000000 0.176000 0.176000 0.176000 0.000000 0.000000 0.000000 -167210.382803 12.027489
300.000000 0.178000 0.178000 0.178000 0.000000 0.000000 0.000000 -167239.461773 8.901027
300.000000 0.180000 0.180000 0.180000 0.000000 0.000000 0.000000 -166994.835533 26.716340
300.000000 0.182000 0.182000 0.182000 0.000000 0.000000 0.000000 -167118.293356 11.975032
300.000000 0.184000 0.184000 0.184000 0.000000 0.000000 0.000000 -167050.340215 17.670727
300.000000 0.186000 0.186000 0.186000 0.000000 0.000000 0.000000 -167078.351344 0.862981
300.000000 0.188000 0.188000 0.188000 0.000000 0.000000 0.000000 -167006.353526 17.009955
300.000000 0.190000 0.190000 0.190000 0.000000 0.000000 0.000000 -166950.079207 6.635362
300.000000 0.192000 0.192000 0.192000 0.000000 0.000000 0.000000 -166912.930437 14.111892
300.000000 0.194000 0.194000 0.194000 0.000000 0.000000 0.000000 -167107.442657 35.495038
300.000000 0.196000 0.196000 0.196000 0.000000 0.000000 0.000000 -167045.069654 12.270126
300.000000 0.198000 0.198000 0.198000 0.000000 0.000000 0.000000 -167139.979706 24.980336
300.000000 0.200000 0.200000 0.200000 0.000000 0.000000 0.000000 -167416.870035 13.701589
300.000000 0.202000 0.202000 0.202000 0.000000 0.000000 0.000000 -167351.935304 13.353261
300.000000 0.204000 0.204000 0.204000 0.000000 0.000000 0.000000 -167218.025947 0.368884
300.000000 0.206000 0.206000 0.206000 0.000000 0.000000 0.000000 -167012.037758 10.557107
300.000000 0.208000 0.208000 0.208000 0.000000 0.000000 0.000000 -167336.959225 5.433280
300.000000 0.210000 0.210000 0.210000 0.000000 0.000000 0.000000 -167420.641126 9.715764
300.000000 0.212000 0.212000 0.212000 0.000000 0.000000 0.000000 -167282.148728 16.230747
300.000000 0.214000 0.214000 0.214000 0.000000 0.000000 0.000000 -167019.070954 13.928754
300.000000 0.216000 0.216000 0.216000 0.000000 0.000000 0.000000 -166965.994951 5.232491
300.000000 0.218000 0.218000 0.218000 0.000000 0.000000 0.000000 -166997.398838 18.749889
300.000000 0.220000 0.220000 0.220000 0.000000 0.000000 0.000000 -166912.046958 11.910375
300.000000 0.222000 0.222000 0.222000 0.000000 0.000000 0.000000 -166931.858404 8.876821
300.000000 0.224000 0.224000 0.224000 0.000000 0.000000 0.000000 -167087.094884 27.608106
300.000000 0.226000 0.226000 0.226000 0.000000 0.000000 0.000000 -167000.123894 9.083137
300.000000 0.228000 0.228000 0.228000 0.000000 0.000000 0.000000 -167398.041955 5.981738
300.000000 0.230000 0.230000 0.230000 0.000000 0.000000 0.000000 -166896.132622 14.646480
300.000000 0.232000 0.232000 0.232000 0.000000 0.000000 0.000000 -166902.682101 5.277110
300.000000 0.234000 0.234000 0.234000 0.000000 0.000000 0.000000 -167125.844106 28.786303
300.000000 0.236000 0.236000 0.236000 0.000000 0.000000 0.000000 -167179.904207 3.768280
300.000000 0.238000 0.238000 0.238000 0.000000 0.000000 0.000000 -167127.741062 5.273099
300.000000 0.240000 0.240000 0.240000 0.000000 0.000000 0.000000 -167242.720039 5.736322
300.000000 0.242000 0.242000 0.242000 0.000000 0.000000 0.000000 -167046.074744 8.432526
300.000000 0.244000 0.244000 0.244000 0.000000 0.000000 0.000000 -167010.738259 3.420733
300.000000 0.246000 0.246000 0.246000 0.000000 0.000000 0.000000 -167134.646459 5.607527
300.000000 0.248000 0.248000 0.248000 0.000000 0.000000 0.000000 -167051.503006 4.582522
300.000000 0.250000 0.250000 0.250000 0.000000 0.000000 0.000000 -167147.486129 6.668331
300.000000 0.252000 0.252000 0.252000 0.000000 0.000000 0.000000 -167204.468464 7.055144
300.000000 0.254000 0.254000 0.254000 0.000000 0.000000 0.000000 -166996.675207 17.759792
300.000000 0.256000 0.256000 0.256000 0.000000 0.000000 0.000000 -167063.701025 12.782919
300.000000 0.258000 0.258000 0.258000 0.000000 0.000000 0.000000 -167128.953945 11.342912
300.000000 0.260000 0.260000 0.260000 0.000000 0.000000 0.000000 -167013.719774 4.386293
300.000000 0.262000 0.262000 0.262000 0.000000 0.000000 0.000000 -166758.734427 8.726401
300.000000 0.264000 0.264000 0.264000 0.000000 0.000000 0.000000 -166696.847166 17.702621
300.000000 0.266000 0.266000 0.266000 0.000000 0.000000 0.000000 -166899.179906 -3.743671
300.000000 0.268000 0.268000 0.268000 0.000000 0.000000 0.000000 -167076.975478 3.728697
300.000000 0.270000 0.270000 0.270000 0.000000 0.000000 0.000000 -166979.572447 13.875184
300.000000 0.272000 0.272000 0.272000 0.000000 0.000000 0.000000 -166790.041123 10.244044
300.000000 0.274000 0.274000 0.274000 0.000000 0.000000 0.000000 -166879.714507 18.076194
300.000000 0.276000 0.276000 0.276000 0.000000 0.000000 0.000000 -166975.201042 2.062372
300.000000 0.278000 0.278000 0.278000 0.000000 0.000000 0.000000 -167272.535398 -1.490818
300.000000 0.280000 0.280000 0.280000 0.000000 0.000000 0.000000 -167067.203583 5.367969
300.000000 0.282000 0.282000 0.282000 0.000000 0.000000 0.000000 -166801.607226 17.278274
300.000000 0.284000 0.284000 0.284000 0.000000 0.000000 0.000000 -166695.951975 11.083743
300.000000 0.286000 0.286000 0.286000 0.000000 0.000000 0.000000 -166710.283835 6.244248
300.000000 0.288000 0.288000 0.288000 0.000000 0.000000 0.000000 -166801.875658 13.525070
300.000000 0.290000 0.290000 0.290000 0.000000 0.000000 0.000000 -166565.967827 -4.426519
300.000000 0.292000 0.292000 0.292000 0.000000 0.000000 0.000000 -166689.261654 1.376994
300.000000 0.294000 0.294000 0.294000 0.000000 0.000000 0.000000 -166894.687835 -1.901373
300.000000 0.296000 0.296000 0.296000 0.000000 0.000000 0.000000 -166918.934828 2.246459
300.000000 0.298000 0.298000 0.298000 0.000000 0.000000 0.000000 -167191.647210 5.731193
300.000000 0.300000 0.300000 0.300000 0.000000 0.000000 0.000000 -167270.986588 8.668052
300.000000 0.302000 0.302000 0.302000 0.000000 0.000000 0.000000 -167388.005995 14.074514
300.000000 0.304000 0.304000 0.304000 0.000000 0.000000 0.000000 -166976.076966 8.056214
300.000000 0.306000 0.306000 0.306000 0.000000 0.000000 0.000000 -167288.199177 6.850898
300.000000 0.308000 0.308000 0.308000 0.000000 0.000000 0.000000 -167347.803686 7.699771
300.000000 0.310000 0.310000 0.310000 0.000000 0.000000 0.000000 -167141.942562 1.147367
300.000000 0.312000 0.312000 0.312000 0.000000 0.000000 0.000000 -167141.038536 1.890684
300.000000 0.314000 0.314000 0.314000 0.000000 0.000000 0.000000 -167412.169466 -4.228310
300.000000 0.316000 0.316000 0.316000 0.000000 0.000000 0.000000 -167145.747909 0.121689
300.000000 0.318000 0.318000 0.318000 0.000000 0.000000 0.000000 -167210.948770 3.332968
300.000000 0.320000 0.320000 0.320000 0.000000 0.000000 0.000000 -167165.892531 15.775371
300.000000 0.322000 0.322000 0.322000 0.000000 0.000000 0.000000 -166749.471960 3.045524
300.000000 0.324000 0.324000 0.324000 0.000000 0.000000 0.000000 -167124.014230 5.311049
300.000000 0.326000 0.326000 0.326000 0.000000 0.000000 0.000000 -166977.961665 2.157027
300.000000 0.328000 0.328000 0.328000 0.000000 0.000000 0.000000 -166689.542911 0.770704
300.000000 0.330000 0.330000 0.330000 0.000000 0.000000 0.000000 -166419.792989 8.199903
300.000000 0.332000 0.332000 0.332000 0.000000 0.000000 0.000000 -167068.717376 8.481689
300.000000 0.334000 0.334000 0.334000 0.000000 0.000000 0.000000 -166915.927118 3.145373
300.000000 0.336000 0.336000 0.336000 0.000000 0.000000 0.000000 -166930.105680 0.700991
300.000000 0.338000 0.338000 0.338000 0.000000 0.000000 0.000000 -167234.687440 10.361152
300.000000 0.340000 0.340000 0.340000 0.000000 0.000000 0.000000 -166999.758538 2.317630
300.000000 0.342000 0.342000 0.342000 0.000000 0.000000 0.000000 -167098.898606 1.591333
300.000000 0.344000 0.344000 0.344000 0.000000 0.000000 0.000000 -166738.322108 6.385729
300.000000 0.346000 0.346000 0.346000 0.000000 0.000000 0.000000 -167002.944487 3.408345
300.000000 0.348000 0.348000 0.348000 0.000000 0.000000 0.000000 -166790.064853 4.151334
300.000000 0.350000 0.350000 0.350000 0.000000 0.000000 0.000000 -167039.366700 0.773627
300.000000 0.352000 0.352000 0.352000 0.000000 0.000000 0.000000 -166952.922258 15.061618
300.000000 0.354000 0.354000 0.354000 0.000000 0.000000 0.000000 -166754.663441 9.690353
300.000000 0.356000 0.356000 0.356000 0.000000 0.000000 0.000000 -167008.865999 4.981466
300.000000 0.358000 0.358000 0.358000 0.000000 0.000000 0.000000 -166810.555456 3.902717
300.000000 0.360000 0.360000 0.360000 0.000000 0.000000 0.000000 -167134.319675 0.024847
300.000000 0.362000 0.362000 0.362000 0.000000 0.000000 0.000000 -167320.367036 2.369260
300.000000 0.364000 0.364000 0.364000 0.000000 0.000000 0.000000 -167066.589666 1.446861
300.000000 0.366000 0.366000 0.366000 0.000000 0.000000 0.000000 -166930.867566 3.249897
300.000000 0.368000 0.368000 0.368000 0.000000 0.000000 0.000000 -167238.032651 3.519467
300.000000 0.370000 0.370000 0.370000 0.000000 0.000000 0.000000 -167263.340606 4.927805
300.000000 0.372000 0.372000 0.372000 0.000000 0.000000 0.000000 -167276.470784 0.398777
300.000000 0.374000 0.374000 0.374000 0.000000 0.000000 0.000000 -167610.294940 4.149616
300.000000 0.376000 0.376000 0.376000 0.000000 0.000000 0.000000 -167242.929050 3.274174
300.000000 0.378000 0.378000 0.378000 0.000000 0.000000 0.000000 -167253.447973 -1.713133
300.000000 0.380000 0.380000 0.380000 0.000000 0.000000 0.000000 -167107.375229 -3.670321
300.000000 0.382000 0.382000 0.382000 0.000000 0.000000 0.000000 -166993.318745 1.726280
300.000000 0.384000 0.384000 0.384000 0.000000 0.000000 0.000000 -167051.284841 4.137001
300.000000 0.386000 0.386000 0.386000 0.000000 0.000000 0.000000 -166979.702159 -6.664820
300.000000 0.388000 0.388000 0.388000 0.000000 0.000000 0.000000 -167148.026137 -1.404590
300.000000 0.390000 0.390000 0.390000 0.000000 0.000000 0.000000 -167150.931042 2.312725
300.000000 0.392000 0.392000 0.392000 0.000000 0.000000 0.000000 -166950.262335 5.146222
300.000000 0.394000 0.394000 0.394000 0.000000 0.000000 0.000000 -166969.229139 0.880223
300.000000 0.396000 0.396000 0.396000 0.000000 0.000000 0.000000 -166913.667066 -2.928344
300.000000 0.398000 0.398000 0.398000 0.000000 0.000000 0.000000 -166972.447860 0.395265
300.000000 0.400000 0.400000 0.400000 0.000000 0.000000 0.000000 -167044.442163 -2.111283
300.000000 0.402000 0.402000 0.402000 0.000000 0.000000 0.000000 -167039.177920 0.176303
300.000000 0.404000 0.404000 0.404000 0.000000 0.000000 0.000000 -167073.105430 -4.236128
300.000000 0.406000 0.406000 0.406000 0.000000 0.000000 0.000000 -166979.120645 7.392959
300.000000 0.408000 0.408000 0.408000 0.000000 0.000000 0.000000 -167003.513387 2.279952
300.000000 0.410000 0.410000 0.410000 0.000000 0.000000 0.000000 -166963.314462 -2.262487
300.000000 0.412000 0.412000 0.412000 0.000000 0.000000 0.000000 -167006.582278 0.922066
300.000000 0.414000 0.414000 0.414000 0.000000 0.000000 0.000000 -167178.713471 9.386099
300.000000 0.416000 0.416000 0.416000 0.000000 0.000000 0.000000 -167139.703140 -1.159248
300.000000 0.418000 0.418000 0.418000 0.000000 0.000000 0.000000 -167173.179259 9.609826
300.000000 0.420000 0.420000 0.420000 0.000000 0.000000 0.000000 -166927.851702 2.450919
300.000000 0.422000 0.422000 0.422000 0.000000 0.000000 0.000000 -167015.125642 -2.315186
300.000000 0.424000 0.424000 0.424000 0.000000 0.000000 0.000000 -166810.884751 2.220272
300.000000 0.426000 0.426000 0.426000 0.000000 0.000000 0.000000 -167040.787641 1.231779
300.000000 0.428000 0.428000 0.428000 0.000000 0.000000 0.000000 -166964.963418 -1.318921
300.000000 0.430000 0.430000 0.430000 0.000000 0.000000 0.000000 -167127.682483 3.287783
300.000000 0.432000 0.432000 0.432000 0.000000 0.000000 0.000000 -167135.439942 0.446710
300.000000 0.434000 0.434000 0.434000 0.000000 0.000000 0.000000 -167278.146465 2.234844
300.000000 0.436000 0.436000 0.436000 0.000000 0.000000 0.000000 -167057.444333 -0.958676
300.000000 0.438000 0.438000 0.438000 0.000000 0.000000 0.000000 -166905.623001 -3.507919
300.000000 0.440000 0.440000 0.440000 0.000000 0.000000 0.000000 -167127.715773 2.189291
300.000000 0.442000 0.442000 0.442000 0.000000 0.000000 0.000000 -167101.197678 -0.673398
300.000000 0.444000 0.444000 0.444000 0.000000 0.000000 0.000000 -167025.481979 7.223158
300.000000 0.446000 0.446000 0.446000 0.000000 0.000000 0.000000 -167202.208010 0.909564
300.000000 0.448000 0.448000 0.448000 0.000000 0.000000 0.000000 -167180.281309 -1.033033
300.000000 0.450000 0.450000 0.450000 0.000000 0.000000 0.000000 -167219.223801 7.409172
300.000000 0.452000 0.452000 0.452000 0.000000 0.000000 0.000000 -166829.466503 0.050547
300.000000 0.454000 0.454000 0.454000 0.000000 0.000000 0.000000 -166801.523543 2.723531
300.000000 0.456000 0.456000 0.456000 0.000000 0.000000 0.000000 -166982.129047 -6.790413
300.000000 0.458000 0.458000 0.458000 0.000000 0.000000 0.000000 -167037.861246 -0.113325
300.000000 0.460000 0.460000 0.460000 0.000000 0.000000 0.000000 -167100.024731 -2.514230
300.000000 0.462000 0.462000 0.462000 0.000000 0.000000 0.000000 -167328.547780 -5.009681
300.000000 0.464000 0.464000 0.464000 0.000000 0.000000 0.000000 -167278.714351 -3.149567
300.000000 0.466000 0.466000 0.466000 0.000000 0.000000 0.000000 -166972.951870 -3.890483
300.000000 0.468000 0.468000 0.468000 0.000000 0.000000 0.000000 -166722.605720 -5.677118
300.000000 0.470000 0.470000 0.470000 0.000000 0.000000 0.000000 -167171.971383 1.545211
300.000000 0.472000 0.472000 0.472000 0.000000 0.000000 0.000000 -167042.542733 -4.684811
300.000000 0.474000 0.474000 0.474000 0.000000 0.000000 0.000000 -166591.590421 2.387903
300.000000 0.476000 0.476000 0.476000 0.000000 0.000000 0.000000 -166894.821582 -1.264549
300.000000 0.478000 0.478000 0.478000 0.000000 0.000000 0.000000 -166988.579710 3.484900
300.000000 0.480000 0.480000 0.480000 0.000000 0.000000 0.000000 -167113.141801 -0.135274
300.000000 0.482000 0.482000 0.482000 0.000000 0.000000 0.000000 -166917.724729 -1.876688
300.000000 0.484000 0.484000 0.484000 0.000000 0.000000 0.000000 -166977.254439 2.488927
300.000000 0.486000 0.486000 0.486000 0.000000 0.000000 0.000000 -167018.062918 0.809379
300.000000 0.488000 0.488000 0.488000 0.000000 0.000000 0.000000 -166890.202875 -4.272745
300.000000 0.490000 0.490000 0.490000 0.000000 0.000000 0.000000 -166851.894635 -3.198896
300.000000 0.492000 0.492000 0.492000 0.000000 0.000000 0.000000 -166921.202549 1.254943
300.000000 0.494000 0.494000 0.494000 0.000000 0.000000 0.000000 -167150.829233 6.156620
300.000000 0.496000 0.496000 0.496000 0.000000 0.000000 0.000000 -167465.176368 -2.493983
300.000000 0.498000 0.498000 0.498000 0.000000 0.000000 0.000000 -167182.361427 -0.948158
